2026-03-04 01:19:34,872 - urllib3.connectionpool - DEBUG - Starting new HTTPS connection (1): huggingface.co:443
2026-03-04 01:19:35,719 - urllib3.connectionpool - DEBUG - https://huggingface.co:443 "GET /api/models/ds4sd/docling-layout-old/revision/main HTTP/1.1" 307 95
2026-03-04 01:19:35,982 - urllib3.connectionpool - DEBUG - https://huggingface.co:443 "GET /api/models/docling-project/docling-layout-old/revision/main HTTP/1.1" 200 827
2026-03-04 01:19:35,995 - urllib3.connectionpool - DEBUG - Starting new HTTPS connection (1): huggingface.co:443
2026-03-04 01:19:35,997 - urllib3.connectionpool - DEBUG - Starting new HTTPS connection (1): huggingface.co:443
2026-03-04 01:19:35,997 - urllib3.connectionpool - DEBUG - Starting new HTTPS connection (1): huggingface.co:443
2026-03-04 01:19:35,998 - urllib3.connectionpool - DEBUG - Starting new HTTPS connection (1): huggingface.co:443
2026-03-04 01:19:36,000 - urllib3.connectionpool - DEBUG - Starting new HTTPS connection (1): huggingface.co:443
2026-03-04 01:19:36,885 - urllib3.connectionpool - DEBUG - https://huggingface.co:443 "HEAD /ds4sd/docling-layout-old/resolve/b5b4bd59ad2b69aab715e9b1f1dfd74394c45fd4/config.json HTTP/1.1" 307 0
2026-03-04 01:19:36,888 - urllib3.connectionpool - DEBUG - https://huggingface.co:443 "HEAD /ds4sd/docling-layout-old/resolve/b5b4bd59ad2b69aab715e9b1f1dfd74394c45fd4/.gitattributes HTTP/1.1" 307 0
2026-03-04 01:19:36,894 - urllib3.connectionpool - DEBUG - https://huggingface.co:443 "HEAD /ds4sd/docling-layout-old/resolve/b5b4bd59ad2b69aab715e9b1f1dfd74394c45fd4/preprocessor_config.json HTTP/1.1" 307 0
2026-03-04 01:19:36,895 - urllib3.connectionpool - DEBUG - https://huggingface.co:443 "HEAD /ds4sd/docling-layout-old/resolve/b5b4bd59ad2b69aab715e9b1f1dfd74394c45fd4/README.md HTTP/1.1" 307 0
2026-03-04 01:19:36,895 - urllib3.connectionpool - DEBUG - https://huggingface.co:443 "HEAD /ds4sd/docling-layout-old/resolve/b5b4bd59ad2b69aab715e9b1f1dfd74394c45fd4/model.safetensors HTTP/1.1" 307 0
2026-03-04 01:19:37,136 - urllib3.connectionpool - DEBUG - https://huggingface.co:443 "HEAD /docling-project/docling-layout-old/resolve/b5b4bd59ad2b69aab715e9b1f1dfd74394c45fd4/.gitattributes HTTP/1.1" 307 0
2026-03-04 01:19:37,143 - urllib3.connectionpool - DEBUG - https://huggingface.co:443 "HEAD /docling-project/docling-layout-old/resolve/b5b4bd59ad2b69aab715e9b1f1dfd74394c45fd4/config.json HTTP/1.1" 307 0
2026-03-04 01:19:37,149 - urllib3.connectionpool - DEBUG - https://huggingface.co:443 "HEAD /docling-project/docling-layout-old/resolve/b5b4bd59ad2b69aab715e9b1f1dfd74394c45fd4/README.md HTTP/1.1" 307 0
2026-03-04 01:19:37,152 - urllib3.connectionpool - DEBUG - https://huggingface.co:443 "HEAD /docling-project/docling-layout-old/resolve/b5b4bd59ad2b69aab715e9b1f1dfd74394c45fd4/preprocessor_config.json HTTP/1.1" 307 0
2026-03-04 01:19:37,152 - urllib3.connectionpool - DEBUG - https://huggingface.co:443 "HEAD /docling-project/docling-layout-old/resolve/b5b4bd59ad2b69aab715e9b1f1dfd74394c45fd4/model.safetensors HTTP/1.1" 302 0
2026-03-04 01:19:37,155 - urllib3.connectionpool - DEBUG - https://huggingface.co:443 "HEAD /api/resolve-cache/models/docling-project/docling-layout-old/b5b4bd59ad2b69aab715e9b1f1dfd74394c45fd4/.gitattributes HTTP/1.1" 200 0
2026-03-04 01:19:37,159 - filelock - DEBUG - Attempting to acquire lock 2798031649344 on C:\Users\KIIT\.cache\huggingface\hub\.locks\models--ds4sd--docling-layout-old\a6344aac8c09253b3b630fb776ae94478aa0275b.lock
2026-03-04 01:19:37,159 - filelock - DEBUG - Attempting to acquire lock 2798031634944 on C:\Users\KIIT\.cache\huggingface\hub\.locks\models--ds4sd--docling-layout-old\31e60b4709571b613bc8736a9c982fb550d8d7a1809160a68a8282af60c8910b.lock
2026-03-04 01:19:37,163 - urllib3.connectionpool - DEBUG - https://huggingface.co:443 "HEAD /api/resolve-cache/models/docling-project/docling-layout-old/b5b4bd59ad2b69aab715e9b1f1dfd74394c45fd4/config.json HTTP/1.1" 200 0
2026-03-04 01:19:37,163 - filelock - DEBUG - Lock 2798031634944 acquired on C:\Users\KIIT\.cache\huggingface\hub\.locks\models--ds4sd--docling-layout-old\31e60b4709571b613bc8736a9c982fb550d8d7a1809160a68a8282af60c8910b.lock
2026-03-04 01:19:37,163 - filelock - DEBUG - Lock 2798031649344 acquired on C:\Users\KIIT\.cache\huggingface\hub\.locks\models--ds4sd--docling-layout-old\a6344aac8c09253b3b630fb776ae94478aa0275b.lock
2026-03-04 01:19:37,167 - filelock - DEBUG - Attempting to acquire lock 2798031650352 on C:\Users\KIIT\.cache\huggingface\hub\.locks\models--ds4sd--docling-layout-old\d24c213cfa3d55cc4a301f415b54a19e7ce104cc.lock
2026-03-04 01:19:37,165 - huggingface_hub.file_download - WARNING - Xet Storage is enabled for this repo, but the 'hf_xet' package is not installed. Falling back to regular HTTP download. For better performance, install the package with: `pip install huggingface_hub[hf_xet]` or `pip install hf_xet`
2026-03-04 01:19:37,170 - filelock - DEBUG - Lock 2798031650352 acquired on C:\Users\KIIT\.cache\huggingface\hub\.locks\models--ds4sd--docling-layout-old\d24c213cfa3d55cc4a301f415b54a19e7ce104cc.lock
2026-03-04 01:19:37,171 - urllib3.connectionpool - DEBUG - https://huggingface.co:443 "HEAD /api/resolve-cache/models/docling-project/docling-layout-old/b5b4bd59ad2b69aab715e9b1f1dfd74394c45fd4/README.md HTTP/1.1" 200 0
2026-03-04 01:19:37,174 - filelock - DEBUG - Attempting to acquire lock 2798031639072 on C:\Users\KIIT\.cache\huggingface\hub\.locks\models--ds4sd--docling-layout-old\bb5f1e798ca9fe0e12f0dad2118ea4e4b9065e0e.lock
2026-03-04 01:19:37,175 - urllib3.connectionpool - DEBUG - https://huggingface.co:443 "HEAD /api/resolve-cache/models/docling-project/docling-layout-old/b5b4bd59ad2b69aab715e9b1f1dfd74394c45fd4/preprocessor_config.json HTTP/1.1" 200 0
2026-03-04 01:19:37,177 - filelock - DEBUG - Lock 2798031639072 acquired on C:\Users\KIIT\.cache\huggingface\hub\.locks\models--ds4sd--docling-layout-old\bb5f1e798ca9fe0e12f0dad2118ea4e4b9065e0e.lock
2026-03-04 01:19:37,177 - filelock - DEBUG - Attempting to acquire lock 2798031648288 on C:\Users\KIIT\.cache\huggingface\hub\.locks\models--ds4sd--docling-layout-old\fcdff16b42e5ebc51d28f59184490c6eff91a88b.lock
2026-03-04 01:19:37,179 - filelock - DEBUG - Lock 2798031648288 acquired on C:\Users\KIIT\.cache\huggingface\hub\.locks\models--ds4sd--docling-layout-old\fcdff16b42e5ebc51d28f59184490c6eff91a88b.lock
2026-03-04 01:19:37,188 - urllib3.connectionpool - DEBUG - https://huggingface.co:443 "GET /api/resolve-cache/models/docling-project/docling-layout-old/b5b4bd59ad2b69aab715e9b1f1dfd74394c45fd4/.gitattributes HTTP/1.1" 200 None
2026-03-04 01:19:37,197 - urllib3.connectionpool - DEBUG - https://huggingface.co:443 "GET /api/resolve-cache/models/docling-project/docling-layout-old/b5b4bd59ad2b69aab715e9b1f1dfd74394c45fd4/config.json HTTP/1.1" 200 None
2026-03-04 01:19:37,198 - urllib3.connectionpool - DEBUG - https://huggingface.co:443 "GET /api/resolve-cache/models/docling-project/docling-layout-old/b5b4bd59ad2b69aab715e9b1f1dfd74394c45fd4/preprocessor_config.json HTTP/1.1" 200 444
2026-03-04 01:19:37,199 - urllib3.connectionpool - DEBUG - https://huggingface.co:443 "GET /api/resolve-cache/models/docling-project/docling-layout-old/b5b4bd59ad2b69aab715e9b1f1dfd74394c45fd4/README.md HTTP/1.1" 200 350
2026-03-04 01:19:37,205 - filelock - DEBUG - Attempting to release lock 2798031648288 on C:\Users\KIIT\.cache\huggingface\hub\.locks\models--ds4sd--docling-layout-old\fcdff16b42e5ebc51d28f59184490c6eff91a88b.lock
2026-03-04 01:19:37,205 - filelock - DEBUG - Lock 2798031648288 released on C:\Users\KIIT\.cache\huggingface\hub\.locks\models--ds4sd--docling-layout-old\fcdff16b42e5ebc51d28f59184490c6eff91a88b.lock
2026-03-04 01:19:37,206 - filelock - DEBUG - Attempting to release lock 2798031650352 on C:\Users\KIIT\.cache\huggingface\hub\.locks\models--ds4sd--docling-layout-old\d24c213cfa3d55cc4a301f415b54a19e7ce104cc.lock
2026-03-04 01:19:37,206 - filelock - DEBUG - Attempting to release lock 2798031639072 on C:\Users\KIIT\.cache\huggingface\hub\.locks\models--ds4sd--docling-layout-old\bb5f1e798ca9fe0e12f0dad2118ea4e4b9065e0e.lock
2026-03-04 01:19:37,206 - filelock - DEBUG - Lock 2798031650352 released on C:\Users\KIIT\.cache\huggingface\hub\.locks\models--ds4sd--docling-layout-old\d24c213cfa3d55cc4a301f415b54a19e7ce104cc.lock
2026-03-04 01:19:37,206 - filelock - DEBUG - Lock 2798031639072 released on C:\Users\KIIT\.cache\huggingface\hub\.locks\models--ds4sd--docling-layout-old\bb5f1e798ca9fe0e12f0dad2118ea4e4b9065e0e.lock
2026-03-04 01:19:37,212 - filelock - DEBUG - Attempting to release lock 2798031649344 on C:\Users\KIIT\.cache\huggingface\hub\.locks\models--ds4sd--docling-layout-old\a6344aac8c09253b3b630fb776ae94478aa0275b.lock
2026-03-04 01:19:37,212 - filelock - DEBUG - Lock 2798031649344 released on C:\Users\KIIT\.cache\huggingface\hub\.locks\models--ds4sd--docling-layout-old\a6344aac8c09253b3b630fb776ae94478aa0275b.lock
2026-03-04 01:19:37,414 - urllib3.connectionpool - DEBUG - https://huggingface.co:443 "GET /ds4sd/docling-layout-old/resolve/b5b4bd59ad2b69aab715e9b1f1dfd74394c45fd4/model.safetensors HTTP/1.1" 307 137
2026-03-04 01:19:37,672 - urllib3.connectionpool - DEBUG - https://huggingface.co:443 "GET /docling-project/docling-layout-old/resolve/b5b4bd59ad2b69aab715e9b1f1dfd74394c45fd4/model.safetensors HTTP/1.1" 302 1357
2026-03-04 01:19:37,675 - urllib3.connectionpool - DEBUG - Starting new HTTPS connection (1): cas-bridge.xethub.hf.co:443
2026-03-04 01:19:38,497 - urllib3.connectionpool - DEBUG - https://cas-bridge.xethub.hf.co:443 "GET /xet-bridge-us/686bc43f381f3d0f775a7d17/6370e2b75c6ccd7fbe067d2b7c110738050eb85d680975864168d7eeacf2eee2?X-Amz-Algorithm=AWS4-HMAC-SHA256&X-Amz-Content-Sha256=UNSIGNED-PAYLOAD&X-Amz-Credential=cas%2F20260303%2Fus-east-1%2Fs3%2Faws4_request&X-Amz-Date=20260303T194937Z&X-Amz-Expires=3600&X-Amz-Signature=74f9f1c319d339df6edc7c1927c9d641ebe39881b62c7f2f0686f1c5910b0866&X-Amz-SignedHeaders=host&X-Xet-Cas-Uid=public&response-content-disposition=inline%3B+filename*%3DUTF-8%27%27model.safetensors%3B+filename%3D%22model.safetensors%22%3B&x-amz-checksum-mode=ENABLED&x-id=GetObject&Expires=1772570977&Policy=eyJTdGF0ZW1lbnQiOlt7IkNvbmRpdGlvbiI6eyJEYXRlTGVzc1RoYW4iOnsiQVdTOkVwb2NoVGltZSI6MTc3MjU3MDk3N319LCJSZXNvdXJjZSI6Imh0dHBzOi8vY2FzLWJyaWRnZS54ZXRodWIuaGYuY28veGV0LWJyaWRnZS11cy82ODZiYzQzZjM4MWYzZDBmNzc1YTdkMTcvNjM3MGUyYjc1YzZjY2Q3ZmJlMDY3ZDJiN2MxMTA3MzgwNTBlYjg1ZDY4MDk3NTg2NDE2OGQ3ZWVhY2YyZWVlMioifV19&Signature=PQaZ~cOWa7k3E40EbLFh44p5VNOHCWGteIziEJY6YUfVqUQDsX3Q2pj9oqvoLnqFoDZhPTEzcAHxkJhE~0paEOdW31ZMaL-~CljiZHnK~Fi8yGVrYMwbVDmCf7wkt88Cv1IH8wB9kr3vgRy1WpenTv4oD3rVZb3~J8Dhee4~SypyZdR0lWqokLiMYK~crcWadXI59piP7Tq~xGM5c4z3iU8OpGQFqvvP0KHJUoRkKCi2wC-6frAYTUMDrXLd8gCcRV7l-mYfraFxVO-b1bafNmsP~0f86AdIR1fLDX0uJF1CFxuJibhX5y0pzx8Ae-FAGdpZxbWS2v3W-3e9qzxLIw__&Key-Pair-Id=K2L8F4GPSG1IFC HTTP/1.1" 200 171666216
2026-03-04 01:19:56,320 - filelock - DEBUG - Attempting to release lock 2798031634944 on C:\Users\KIIT\.cache\huggingface\hub\.locks\models--ds4sd--docling-layout-old\31e60b4709571b613bc8736a9c982fb550d8d7a1809160a68a8282af60c8910b.lock
2026-03-04 01:19:56,321 - filelock - DEBUG - Lock 2798031634944 released on C:\Users\KIIT\.cache\huggingface\hub\.locks\models--ds4sd--docling-layout-old\31e60b4709571b613bc8736a9c982fb550d8d7a1809160a68a8282af60c8910b.lock
2026-03-04 01:19:56,350 - glossapi.ocr.rapidocr.safe - INFO - Registered SafeRapidOcrModel for <class 'docling.datamodel.pipeline_options.RapidOcrOptions'>
2026-03-04 01:20:03,122 - glossapi.parquet_schema - WARNING - Unable to synthesise metadata parquet under output – no artifacts discovered
2026-03-04 01:20:03,234 - glossapi.parquet_schema - WARNING - Unable to synthesise metadata parquet under output – no artifacts discovered
2026-03-04 01:20:03,238 - glossapi.parquet_schema - WARNING - Unable to synthesise metadata parquet under output – no artifacts discovered
2026-03-04 01:48:00,403 - urllib3.connectionpool - DEBUG - Starting new HTTPS connection (1): huggingface.co:443
2026-03-04 01:48:01,262 - urllib3.connectionpool - DEBUG - https://huggingface.co:443 "GET /api/models/ds4sd/docling-layout-old/revision/main HTTP/1.1" 307 95
2026-03-04 01:48:01,516 - urllib3.connectionpool - DEBUG - https://huggingface.co:443 "GET /api/models/docling-project/docling-layout-old/revision/main HTTP/1.1" 200 827
2026-03-04 01:48:01,529 - urllib3.connectionpool - DEBUG - Starting new HTTPS connection (1): huggingface.co:443
2026-03-04 01:48:01,529 - urllib3.connectionpool - DEBUG - Starting new HTTPS connection (1): huggingface.co:443
2026-03-04 01:48:01,529 - urllib3.connectionpool - DEBUG - Starting new HTTPS connection (1): huggingface.co:443
2026-03-04 01:48:02,301 - urllib3.connectionpool - DEBUG - https://huggingface.co:443 "HEAD /ds4sd/docling-layout-old/resolve/b5b4bd59ad2b69aab715e9b1f1dfd74394c45fd4/README.md HTTP/1.1" 307 0
2026-03-04 01:48:02,319 - urllib3.connectionpool - DEBUG - https://huggingface.co:443 "HEAD /ds4sd/docling-layout-old/resolve/b5b4bd59ad2b69aab715e9b1f1dfd74394c45fd4/preprocessor_config.json HTTP/1.1" 307 0
2026-03-04 01:48:02,323 - urllib3.connectionpool - DEBUG - https://huggingface.co:443 "HEAD /ds4sd/docling-layout-old/resolve/b5b4bd59ad2b69aab715e9b1f1dfd74394c45fd4/config.json HTTP/1.1" 307 0
2026-03-04 01:48:02,553 - urllib3.connectionpool - DEBUG - https://huggingface.co:443 "HEAD /docling-project/docling-layout-old/resolve/b5b4bd59ad2b69aab715e9b1f1dfd74394c45fd4/README.md HTTP/1.1" 307 0
2026-03-04 01:48:02,570 - urllib3.connectionpool - DEBUG - https://huggingface.co:443 "HEAD /api/resolve-cache/models/docling-project/docling-layout-old/b5b4bd59ad2b69aab715e9b1f1dfd74394c45fd4/README.md HTTP/1.1" 200 0
2026-03-04 01:48:02,575 - filelock - DEBUG - Attempting to acquire lock 2046515404416 on C:\Users\KIIT\.cache\huggingface\hub\.locks\models--ds4sd--docling-layout-old\bb5f1e798ca9fe0e12f0dad2118ea4e4b9065e0e.lock
2026-03-04 01:48:02,576 - urllib3.connectionpool - DEBUG - https://huggingface.co:443 "HEAD /docling-project/docling-layout-old/resolve/b5b4bd59ad2b69aab715e9b1f1dfd74394c45fd4/config.json HTTP/1.1" 307 0
2026-03-04 01:48:02,577 - filelock - DEBUG - Lock 2046515404416 acquired on C:\Users\KIIT\.cache\huggingface\hub\.locks\models--ds4sd--docling-layout-old\bb5f1e798ca9fe0e12f0dad2118ea4e4b9065e0e.lock
2026-03-04 01:48:02,580 - urllib3.connectionpool - DEBUG - https://huggingface.co:443 "HEAD /docling-project/docling-layout-old/resolve/b5b4bd59ad2b69aab715e9b1f1dfd74394c45fd4/preprocessor_config.json HTTP/1.1" 307 0
2026-03-04 01:48:02,598 - urllib3.connectionpool - DEBUG - https://huggingface.co:443 "HEAD /api/resolve-cache/models/docling-project/docling-layout-old/b5b4bd59ad2b69aab715e9b1f1dfd74394c45fd4/config.json HTTP/1.1" 200 0
2026-03-04 01:48:02,600 - filelock - DEBUG - Attempting to acquire lock 2046515405808 on C:\Users\KIIT\.cache\huggingface\hub\.locks\models--ds4sd--docling-layout-old\d24c213cfa3d55cc4a301f415b54a19e7ce104cc.lock
2026-03-04 01:48:02,602 - urllib3.connectionpool - DEBUG - https://huggingface.co:443 "HEAD /api/resolve-cache/models/docling-project/docling-layout-old/b5b4bd59ad2b69aab715e9b1f1dfd74394c45fd4/preprocessor_config.json HTTP/1.1" 200 0
2026-03-04 01:48:02,602 - filelock - DEBUG - Lock 2046515405808 acquired on C:\Users\KIIT\.cache\huggingface\hub\.locks\models--ds4sd--docling-layout-old\d24c213cfa3d55cc4a301f415b54a19e7ce104cc.lock
2026-03-04 01:48:02,604 - filelock - DEBUG - Attempting to acquire lock 2046515181664 on C:\Users\KIIT\.cache\huggingface\hub\.locks\models--ds4sd--docling-layout-old\fcdff16b42e5ebc51d28f59184490c6eff91a88b.lock
2026-03-04 01:48:02,605 - filelock - DEBUG - Lock 2046515181664 acquired on C:\Users\KIIT\.cache\huggingface\hub\.locks\models--ds4sd--docling-layout-old\fcdff16b42e5ebc51d28f59184490c6eff91a88b.lock
2026-03-04 01:48:02,606 - filelock - DEBUG - Attempting to release lock 2046515404416 on C:\Users\KIIT\.cache\huggingface\hub\.locks\models--ds4sd--docling-layout-old\bb5f1e798ca9fe0e12f0dad2118ea4e4b9065e0e.lock
2026-03-04 01:48:02,607 - filelock - DEBUG - Lock 2046515404416 released on C:\Users\KIIT\.cache\huggingface\hub\.locks\models--ds4sd--docling-layout-old\bb5f1e798ca9fe0e12f0dad2118ea4e4b9065e0e.lock
2026-03-04 01:48:02,619 - filelock - DEBUG - Attempting to release lock 2046515181664 on C:\Users\KIIT\.cache\huggingface\hub\.locks\models--ds4sd--docling-layout-old\fcdff16b42e5ebc51d28f59184490c6eff91a88b.lock
2026-03-04 01:48:02,619 - filelock - DEBUG - Attempting to release lock 2046515405808 on C:\Users\KIIT\.cache\huggingface\hub\.locks\models--ds4sd--docling-layout-old\d24c213cfa3d55cc4a301f415b54a19e7ce104cc.lock
2026-03-04 01:48:02,619 - filelock - DEBUG - Lock 2046515181664 released on C:\Users\KIIT\.cache\huggingface\hub\.locks\models--ds4sd--docling-layout-old\fcdff16b42e5ebc51d28f59184490c6eff91a88b.lock
2026-03-04 01:48:02,620 - filelock - DEBUG - Lock 2046515405808 released on C:\Users\KIIT\.cache\huggingface\hub\.locks\models--ds4sd--docling-layout-old\d24c213cfa3d55cc4a301f415b54a19e7ce104cc.lock
2026-03-04 01:48:03,214 - docling_ibm_models.layoutmodel.layout_predictor - DEBUG - LayoutPredictor settings: {'model_name': 'RTDetrForObjectDetection', 'safe_tensors_file': 'C:\\Users\\KIIT\\.cache\\huggingface\\hub\\models--ds4sd--docling-layout-old\\snapshots\\b5b4bd59ad2b69aab715e9b1f1dfd74394c45fd4\\model.safetensors', 'device': 'cpu', 'num_threads': 4, 'image_size': {'height': 640, 'width': 640}, 'threshold': 0.3}
2026-03-04 01:48:03,470 - urllib3.connectionpool - DEBUG - https://huggingface.co:443 "GET /api/models/ds4sd/docling-models/revision/v2.2.0 HTTP/1.1" 307 93
2026-03-04 01:48:03,730 - urllib3.connectionpool - DEBUG - https://huggingface.co:443 "GET /api/models/docling-project/docling-models/revision/v2.2.0 HTTP/1.1" 200 1296
2026-03-04 01:48:03,739 - urllib3.connectionpool - DEBUG - Starting new HTTPS connection (1): huggingface.co:443
2026-03-04 01:48:03,739 - urllib3.connectionpool - DEBUG - Starting new HTTPS connection (1): huggingface.co:443
2026-03-04 01:48:03,742 - urllib3.connectionpool - DEBUG - Starting new HTTPS connection (1): huggingface.co:443
2026-03-04 01:48:03,745 - urllib3.connectionpool - DEBUG - Starting new HTTPS connection (1): huggingface.co:443
2026-03-04 01:48:03,750 - urllib3.connectionpool - DEBUG - Starting new HTTPS connection (1): huggingface.co:443
2026-03-04 01:48:03,750 - urllib3.connectionpool - DEBUG - Starting new HTTPS connection (1): huggingface.co:443
2026-03-04 01:48:03,752 - urllib3.connectionpool - DEBUG - Starting new HTTPS connection (1): huggingface.co:443
2026-03-04 01:48:03,752 - urllib3.connectionpool - DEBUG - Starting new HTTPS connection (1): huggingface.co:443
2026-03-04 01:48:04,685 - urllib3.connectionpool - DEBUG - https://huggingface.co:443 "HEAD /ds4sd/docling-models/resolve/4659a7d29247f9f7a94102e1f313dad8e8c8f2f6/.gitattributes HTTP/1.1" 307 0
2026-03-04 01:48:04,692 - urllib3.connectionpool - DEBUG - https://huggingface.co:443 "HEAD /ds4sd/docling-models/resolve/4659a7d29247f9f7a94102e1f313dad8e8c8f2f6/model_artifacts/layout/model.safetensors HTTP/1.1" 307 0
2026-03-04 01:48:04,703 - urllib3.connectionpool - DEBUG - https://huggingface.co:443 "HEAD /ds4sd/docling-models/resolve/4659a7d29247f9f7a94102e1f313dad8e8c8f2f6/README.md HTTP/1.1" 307 0
2026-03-04 01:48:04,708 - urllib3.connectionpool - DEBUG - https://huggingface.co:443 "HEAD /ds4sd/docling-models/resolve/4659a7d29247f9f7a94102e1f313dad8e8c8f2f6/config.json HTTP/1.1" 307 0
2026-03-04 01:48:04,709 - urllib3.connectionpool - DEBUG - https://huggingface.co:443 "HEAD /ds4sd/docling-models/resolve/4659a7d29247f9f7a94102e1f313dad8e8c8f2f6/model_artifacts/layout/config.json HTTP/1.1" 307 0
2026-03-04 01:48:04,713 - urllib3.connectionpool - DEBUG - https://huggingface.co:443 "HEAD /ds4sd/docling-models/resolve/4659a7d29247f9f7a94102e1f313dad8e8c8f2f6/model_artifacts/layout/preprocessor_config.json HTTP/1.1" 307 0
2026-03-04 01:48:04,714 - urllib3.connectionpool - DEBUG - https://huggingface.co:443 "HEAD /ds4sd/docling-models/resolve/4659a7d29247f9f7a94102e1f313dad8e8c8f2f6/.gitignore HTTP/1.1" 307 0
2026-03-04 01:48:04,719 - urllib3.connectionpool - DEBUG - https://huggingface.co:443 "HEAD /ds4sd/docling-models/resolve/4659a7d29247f9f7a94102e1f313dad8e8c8f2f6/model_artifacts/tableformer/accurate/tableformer_accurate.safetensors HTTP/1.1" 307 0
2026-03-04 01:48:04,937 - urllib3.connectionpool - DEBUG - https://huggingface.co:443 "HEAD /docling-project/docling-models/resolve/4659a7d29247f9f7a94102e1f313dad8e8c8f2f6/.gitattributes HTTP/1.1" 307 0
2026-03-04 01:48:04,951 - urllib3.connectionpool - DEBUG - https://huggingface.co:443 "HEAD /docling-project/docling-models/resolve/4659a7d29247f9f7a94102e1f313dad8e8c8f2f6/model_artifacts/layout/model.safetensors HTTP/1.1" 302 0
2026-03-04 01:48:04,955 - urllib3.connectionpool - DEBUG - https://huggingface.co:443 "HEAD /docling-project/docling-models/resolve/4659a7d29247f9f7a94102e1f313dad8e8c8f2f6/README.md HTTP/1.1" 307 0
2026-03-04 01:48:04,955 - urllib3.connectionpool - DEBUG - https://huggingface.co:443 "HEAD /api/resolve-cache/models/docling-project/docling-models/4659a7d29247f9f7a94102e1f313dad8e8c8f2f6/.gitattributes HTTP/1.1" 200 0
2026-03-04 01:48:04,958 - filelock - DEBUG - Attempting to acquire lock 2044420664176 on C:\Users\KIIT\.cache\huggingface\hub\.locks\models--ds4sd--docling-models\31e60b4709571b613bc8736a9c982fb550d8d7a1809160a68a8282af60c8910b.lock
2026-03-04 01:48:04,960 - filelock - DEBUG - Attempting to acquire lock 2044420584080 on C:\Users\KIIT\.cache\huggingface\hub\.locks\models--ds4sd--docling-models\575b058b45230d48a06df9b1944f4bd40949db1d.lock
2026-03-04 01:48:04,961 - urllib3.connectionpool - DEBUG - https://huggingface.co:443 "HEAD /docling-project/docling-models/resolve/4659a7d29247f9f7a94102e1f313dad8e8c8f2f6/config.json HTTP/1.1" 307 0
2026-03-04 01:48:04,962 - filelock - DEBUG - Lock 2044420664176 acquired on C:\Users\KIIT\.cache\huggingface\hub\.locks\models--ds4sd--docling-models\31e60b4709571b613bc8736a9c982fb550d8d7a1809160a68a8282af60c8910b.lock
2026-03-04 01:48:04,962 - urllib3.connectionpool - DEBUG - https://huggingface.co:443 "HEAD /docling-project/docling-models/resolve/4659a7d29247f9f7a94102e1f313dad8e8c8f2f6/model_artifacts/layout/config.json HTTP/1.1" 307 0
2026-03-04 01:48:04,966 - huggingface_hub.file_download - WARNING - Xet Storage is enabled for this repo, but the 'hf_xet' package is not installed. Falling back to regular HTTP download. For better performance, install the package with: `pip install huggingface_hub[hf_xet]` or `pip install hf_xet`
2026-03-04 01:48:04,970 - urllib3.connectionpool - DEBUG - https://huggingface.co:443 "HEAD /docling-project/docling-models/resolve/4659a7d29247f9f7a94102e1f313dad8e8c8f2f6/.gitignore HTTP/1.1" 307 0
2026-03-04 01:48:04,971 - urllib3.connectionpool - DEBUG - https://huggingface.co:443 "HEAD /docling-project/docling-models/resolve/4659a7d29247f9f7a94102e1f313dad8e8c8f2f6/model_artifacts/layout/preprocessor_config.json HTTP/1.1" 307 0
2026-03-04 01:48:04,976 - urllib3.connectionpool - DEBUG - https://huggingface.co:443 "HEAD /api/resolve-cache/models/docling-project/docling-models/4659a7d29247f9f7a94102e1f313dad8e8c8f2f6/README.md HTTP/1.1" 200 0
2026-03-04 01:48:04,977 - urllib3.connectionpool - DEBUG - https://huggingface.co:443 "HEAD /docling-project/docling-models/resolve/4659a7d29247f9f7a94102e1f313dad8e8c8f2f6/model_artifacts/tableformer/accurate/tableformer_accurate.safetensors HTTP/1.1" 302 0
2026-03-04 01:48:04,977 - filelock - DEBUG - Lock 2044420584080 acquired on C:\Users\KIIT\.cache\huggingface\hub\.locks\models--ds4sd--docling-models\575b058b45230d48a06df9b1944f4bd40949db1d.lock
2026-03-04 01:48:04,982 - filelock - DEBUG - Attempting to acquire lock 2044420621712 on C:\Users\KIIT\.cache\huggingface\hub\.locks\models--ds4sd--docling-models\7008c0269fece2af4ca4d79d116cf5a783178e58.lock
2026-03-04 01:48:04,982 - urllib3.connectionpool - DEBUG - https://huggingface.co:443 "HEAD /api/resolve-cache/models/docling-project/docling-models/4659a7d29247f9f7a94102e1f313dad8e8c8f2f6/config.json HTTP/1.1" 200 0
2026-03-04 01:48:04,985 - urllib3.connectionpool - DEBUG - https://huggingface.co:443 "HEAD /api/resolve-cache/models/docling-project/docling-models/4659a7d29247f9f7a94102e1f313dad8e8c8f2f6/model_artifacts%2Flayout%2Fconfig.json HTTP/1.1" 200 0
2026-03-04 01:48:04,987 - filelock - DEBUG - Attempting to acquire lock 2044420620560 on C:\Users\KIIT\.cache\huggingface\hub\.locks\models--ds4sd--docling-models\2a7d6c924b3cd12fb99a09280ca9c33a89c5d60b93253617d2e088c1a40374d9.lock
2026-03-04 01:48:04,987 - filelock - DEBUG - Lock 2044420621712 acquired on C:\Users\KIIT\.cache\huggingface\hub\.locks\models--ds4sd--docling-models\7008c0269fece2af4ca4d79d116cf5a783178e58.lock
2026-03-04 01:48:04,988 - filelock - DEBUG - Attempting to acquire lock 2044420632512 on C:\Users\KIIT\.cache\huggingface\hub\.locks\models--ds4sd--docling-models\4dc84c9101238bb955158144660155da99438490.lock
2026-03-04 01:48:04,988 - filelock - DEBUG - Lock 2044420620560 acquired on C:\Users\KIIT\.cache\huggingface\hub\.locks\models--ds4sd--docling-models\2a7d6c924b3cd12fb99a09280ca9c33a89c5d60b93253617d2e088c1a40374d9.lock
2026-03-04 01:48:04,989 - filelock - DEBUG - Attempting to acquire lock 2044420629632 on C:\Users\KIIT\.cache\huggingface\hub\.locks\models--ds4sd--docling-models\d24c213cfa3d55cc4a301f415b54a19e7ce104cc.lock
2026-03-04 01:48:04,990 - filelock - DEBUG - Lock 2044420632512 acquired on C:\Users\KIIT\.cache\huggingface\hub\.locks\models--ds4sd--docling-models\4dc84c9101238bb955158144660155da99438490.lock
2026-03-04 01:48:04,992 - filelock - DEBUG - Lock 2044420629632 acquired on C:\Users\KIIT\.cache\huggingface\hub\.locks\models--ds4sd--docling-models\d24c213cfa3d55cc4a301f415b54a19e7ce104cc.lock
2026-03-04 01:48:04,992 - urllib3.connectionpool - DEBUG - https://huggingface.co:443 "HEAD /api/resolve-cache/models/docling-project/docling-models/4659a7d29247f9f7a94102e1f313dad8e8c8f2f6/.gitignore HTTP/1.1" 200 0
2026-03-04 01:48:04,992 - huggingface_hub.file_download - WARNING - Xet Storage is enabled for this repo, but the 'hf_xet' package is not installed. Falling back to regular HTTP download. For better performance, install the package with: `pip install huggingface_hub[hf_xet]` or `pip install hf_xet`
2026-03-04 01:48:04,997 - urllib3.connectionpool - DEBUG - https://huggingface.co:443 "HEAD /api/resolve-cache/models/docling-project/docling-models/4659a7d29247f9f7a94102e1f313dad8e8c8f2f6/model_artifacts%2Flayout%2Fpreprocessor_config.json HTTP/1.1" 200 0
2026-03-04 01:48:05,001 - filelock - DEBUG - Attempting to acquire lock 2044420740624 on C:\Users\KIIT\.cache\huggingface\hub\.locks\models--ds4sd--docling-models\9430eb3c89847aa8f80af5c96df3c348fca6da63.lock
2026-03-04 01:48:05,002 - urllib3.connectionpool - DEBUG - https://huggingface.co:443 "GET /api/resolve-cache/models/docling-project/docling-models/4659a7d29247f9f7a94102e1f313dad8e8c8f2f6/.gitattributes HTTP/1.1" 200 None
2026-03-04 01:48:05,002 - filelock - DEBUG - Attempting to acquire lock 2045731229856 on C:\Users\KIIT\.cache\huggingface\hub\.locks\models--ds4sd--docling-models\fcdff16b42e5ebc51d28f59184490c6eff91a88b.lock
2026-03-04 01:48:05,004 - filelock - DEBUG - Lock 2044420740624 acquired on C:\Users\KIIT\.cache\huggingface\hub\.locks\models--ds4sd--docling-models\9430eb3c89847aa8f80af5c96df3c348fca6da63.lock
2026-03-04 01:48:05,005 - filelock - DEBUG - Lock 2045731229856 acquired on C:\Users\KIIT\.cache\huggingface\hub\.locks\models--ds4sd--docling-models\fcdff16b42e5ebc51d28f59184490c6eff91a88b.lock
2026-03-04 01:48:05,009 - urllib3.connectionpool - DEBUG - https://huggingface.co:443 "GET /api/resolve-cache/models/docling-project/docling-models/4659a7d29247f9f7a94102e1f313dad8e8c8f2f6/README.md HTTP/1.1" 200 None
2026-03-04 01:48:05,014 - urllib3.connectionpool - DEBUG - https://huggingface.co:443 "GET /api/resolve-cache/models/docling-project/docling-models/4659a7d29247f9f7a94102e1f313dad8e8c8f2f6/config.json HTTP/1.1" 200 41
2026-03-04 01:48:05,017 - filelock - DEBUG - Attempting to release lock 2044420584080 on C:\Users\KIIT\.cache\huggingface\hub\.locks\models--ds4sd--docling-models\575b058b45230d48a06df9b1944f4bd40949db1d.lock
2026-03-04 01:48:05,018 - urllib3.connectionpool - DEBUG - https://huggingface.co:443 "GET /api/resolve-cache/models/docling-project/docling-models/4659a7d29247f9f7a94102e1f313dad8e8c8f2f6/model_artifacts%2Flayout%2Fconfig.json HTTP/1.1" 200 None
2026-03-04 01:48:05,018 - filelock - DEBUG - Lock 2044420584080 released on C:\Users\KIIT\.cache\huggingface\hub\.locks\models--ds4sd--docling-models\575b058b45230d48a06df9b1944f4bd40949db1d.lock
2026-03-04 01:48:05,019 - filelock - DEBUG - Attempting to release lock 2044420621712 on C:\Users\KIIT\.cache\huggingface\hub\.locks\models--ds4sd--docling-models\7008c0269fece2af4ca4d79d116cf5a783178e58.lock
2026-03-04 01:48:05,021 - filelock - DEBUG - Lock 2044420621712 released on C:\Users\KIIT\.cache\huggingface\hub\.locks\models--ds4sd--docling-models\7008c0269fece2af4ca4d79d116cf5a783178e58.lock
2026-03-04 01:48:05,024 - filelock - DEBUG - Attempting to release lock 2044420632512 on C:\Users\KIIT\.cache\huggingface\hub\.locks\models--ds4sd--docling-models\4dc84c9101238bb955158144660155da99438490.lock
2026-03-04 01:48:05,025 - urllib3.connectionpool - DEBUG - https://huggingface.co:443 "GET /api/resolve-cache/models/docling-project/docling-models/4659a7d29247f9f7a94102e1f313dad8e8c8f2f6/model_artifacts%2Flayout%2Fpreprocessor_config.json HTTP/1.1" 200 444
2026-03-04 01:48:05,026 - urllib3.connectionpool - DEBUG - https://huggingface.co:443 "GET /api/resolve-cache/models/docling-project/docling-models/4659a7d29247f9f7a94102e1f313dad8e8c8f2f6/.gitignore HTTP/1.1" 200 None
2026-03-04 01:48:05,026 - filelock - DEBUG - Lock 2044420632512 released on C:\Users\KIIT\.cache\huggingface\hub\.locks\models--ds4sd--docling-models\4dc84c9101238bb955158144660155da99438490.lock
2026-03-04 01:48:05,032 - filelock - DEBUG - Attempting to release lock 2044420629632 on C:\Users\KIIT\.cache\huggingface\hub\.locks\models--ds4sd--docling-models\d24c213cfa3d55cc4a301f415b54a19e7ce104cc.lock
2026-03-04 01:48:05,034 - filelock - DEBUG - Lock 2044420629632 released on C:\Users\KIIT\.cache\huggingface\hub\.locks\models--ds4sd--docling-models\d24c213cfa3d55cc4a301f415b54a19e7ce104cc.lock
2026-03-04 01:48:05,036 - filelock - DEBUG - Attempting to release lock 2045731229856 on C:\Users\KIIT\.cache\huggingface\hub\.locks\models--ds4sd--docling-models\fcdff16b42e5ebc51d28f59184490c6eff91a88b.lock
2026-03-04 01:48:05,036 - filelock - DEBUG - Attempting to release lock 2044420740624 on C:\Users\KIIT\.cache\huggingface\hub\.locks\models--ds4sd--docling-models\9430eb3c89847aa8f80af5c96df3c348fca6da63.lock
2026-03-04 01:48:05,036 - filelock - DEBUG - Lock 2045731229856 released on C:\Users\KIIT\.cache\huggingface\hub\.locks\models--ds4sd--docling-models\fcdff16b42e5ebc51d28f59184490c6eff91a88b.lock
2026-03-04 01:48:05,036 - filelock - DEBUG - Lock 2044420740624 released on C:\Users\KIIT\.cache\huggingface\hub\.locks\models--ds4sd--docling-models\9430eb3c89847aa8f80af5c96df3c348fca6da63.lock
2026-03-04 01:48:05,221 - urllib3.connectionpool - DEBUG - https://huggingface.co:443 "GET /ds4sd/docling-models/resolve/4659a7d29247f9f7a94102e1f313dad8e8c8f2f6/model_artifacts/layout/model.safetensors HTTP/1.1" 307 156
2026-03-04 01:48:05,249 - urllib3.connectionpool - DEBUG - https://huggingface.co:443 "GET /ds4sd/docling-models/resolve/4659a7d29247f9f7a94102e1f313dad8e8c8f2f6/model_artifacts/tableformer/accurate/tableformer_accurate.safetensors HTTP/1.1" 307 185
2026-03-04 01:48:05,279 - urllib3.connectionpool - DEBUG - https://huggingface.co:443 "HEAD /ds4sd/docling-models/resolve/4659a7d29247f9f7a94102e1f313dad8e8c8f2f6/model_artifacts/tableformer/accurate/tm_config.json HTTP/1.1" 307 0
2026-03-04 01:48:05,281 - urllib3.connectionpool - DEBUG - https://huggingface.co:443 "HEAD /ds4sd/docling-models/resolve/4659a7d29247f9f7a94102e1f313dad8e8c8f2f6/model_artifacts/tableformer/fast/tm_config.json HTTP/1.1" 307 0
2026-03-04 01:48:05,282 - urllib3.connectionpool - DEBUG - https://huggingface.co:443 "HEAD /ds4sd/docling-models/resolve/4659a7d29247f9f7a94102e1f313dad8e8c8f2f6/model_artifacts/tableformer/fast/tableformer_fast.safetensors HTTP/1.1" 307 0
2026-03-04 01:48:05,476 - urllib3.connectionpool - DEBUG - https://huggingface.co:443 "GET /docling-project/docling-models/resolve/4659a7d29247f9f7a94102e1f313dad8e8c8f2f6/model_artifacts/layout/model.safetensors HTTP/1.1" 302 1341
2026-03-04 01:48:05,479 - urllib3.connectionpool - DEBUG - Starting new HTTPS connection (1): cas-bridge.xethub.hf.co:443
2026-03-04 01:48:05,503 - urllib3.connectionpool - DEBUG - https://huggingface.co:443 "GET /docling-project/docling-models/resolve/4659a7d29247f9f7a94102e1f313dad8e8c8f2f6/model_artifacts/tableformer/accurate/tableformer_accurate.safetensors HTTP/1.1" 302 1377
2026-03-04 01:48:05,506 - urllib3.connectionpool - DEBUG - Starting new HTTPS connection (1): cas-bridge.xethub.hf.co:443
2026-03-04 01:48:05,535 - urllib3.connectionpool - DEBUG - https://huggingface.co:443 "HEAD /docling-project/docling-models/resolve/4659a7d29247f9f7a94102e1f313dad8e8c8f2f6/model_artifacts/tableformer/accurate/tm_config.json HTTP/1.1" 307 0
2026-03-04 01:48:05,542 - urllib3.connectionpool - DEBUG - https://huggingface.co:443 "HEAD /docling-project/docling-models/resolve/4659a7d29247f9f7a94102e1f313dad8e8c8f2f6/model_artifacts/tableformer/fast/tableformer_fast.safetensors HTTP/1.1" 302 0
2026-03-04 01:48:05,545 - filelock - DEBUG - Attempting to acquire lock 2044420735056 on C:\Users\KIIT\.cache\huggingface\hub\.locks\models--ds4sd--docling-models\3119563aab5a7c96fda4d621119b63fd8806272b86c30936d15507616422f718.lock
2026-03-04 01:48:05,546 - urllib3.connectionpool - DEBUG - https://huggingface.co:443 "HEAD /docling-project/docling-models/resolve/4659a7d29247f9f7a94102e1f313dad8e8c8f2f6/model_artifacts/tableformer/fast/tm_config.json HTTP/1.1" 307 0
2026-03-04 01:48:05,547 - filelock - DEBUG - Lock 2044420735056 acquired on C:\Users\KIIT\.cache\huggingface\hub\.locks\models--ds4sd--docling-models\3119563aab5a7c96fda4d621119b63fd8806272b86c30936d15507616422f718.lock
2026-03-04 01:48:05,550 - huggingface_hub.file_download - WARNING - Xet Storage is enabled for this repo, but the 'hf_xet' package is not installed. Falling back to regular HTTP download. For better performance, install the package with: `pip install huggingface_hub[hf_xet]` or `pip install hf_xet`
2026-03-04 01:48:05,554 - urllib3.connectionpool - DEBUG - https://huggingface.co:443 "HEAD /api/resolve-cache/models/docling-project/docling-models/4659a7d29247f9f7a94102e1f313dad8e8c8f2f6/model_artifacts%2Ftableformer%2Faccurate%2Ftm_config.json HTTP/1.1" 200 0
2026-03-04 01:48:05,557 - filelock - DEBUG - Attempting to acquire lock 2044420740960 on C:\Users\KIIT\.cache\huggingface\hub\.locks\models--ds4sd--docling-models\5036aa114b9393f607440cb0f6cc54229b5b30e1.lock
2026-03-04 01:48:05,558 - filelock - DEBUG - Lock 2044420740960 acquired on C:\Users\KIIT\.cache\huggingface\hub\.locks\models--ds4sd--docling-models\5036aa114b9393f607440cb0f6cc54229b5b30e1.lock
2026-03-04 01:48:05,566 - urllib3.connectionpool - DEBUG - https://huggingface.co:443 "HEAD /api/resolve-cache/models/docling-project/docling-models/4659a7d29247f9f7a94102e1f313dad8e8c8f2f6/model_artifacts%2Ftableformer%2Ffast%2Ftm_config.json HTTP/1.1" 200 0
2026-03-04 01:48:05,568 - filelock - DEBUG - Attempting to acquire lock 2046515403744 on C:\Users\KIIT\.cache\huggingface\hub\.locks\models--ds4sd--docling-models\d02c5889d288b8baefd42e9e4da094f0cea07bbe.lock
2026-03-04 01:48:05,569 - filelock - DEBUG - Lock 2046515403744 acquired on C:\Users\KIIT\.cache\huggingface\hub\.locks\models--ds4sd--docling-models\d02c5889d288b8baefd42e9e4da094f0cea07bbe.lock
2026-03-04 01:48:05,576 - urllib3.connectionpool - DEBUG - https://huggingface.co:443 "GET /api/resolve-cache/models/docling-project/docling-models/4659a7d29247f9f7a94102e1f313dad8e8c8f2f6/model_artifacts%2Ftableformer%2Faccurate%2Ftm_config.json HTTP/1.1" 200 None
2026-03-04 01:48:05,581 - filelock - DEBUG - Attempting to release lock 2044420740960 on C:\Users\KIIT\.cache\huggingface\hub\.locks\models--ds4sd--docling-models\5036aa114b9393f607440cb0f6cc54229b5b30e1.lock
2026-03-04 01:48:05,581 - filelock - DEBUG - Lock 2044420740960 released on C:\Users\KIIT\.cache\huggingface\hub\.locks\models--ds4sd--docling-models\5036aa114b9393f607440cb0f6cc54229b5b30e1.lock
2026-03-04 01:48:05,590 - urllib3.connectionpool - DEBUG - https://huggingface.co:443 "GET /api/resolve-cache/models/docling-project/docling-models/4659a7d29247f9f7a94102e1f313dad8e8c8f2f6/model_artifacts%2Ftableformer%2Ffast%2Ftm_config.json HTTP/1.1" 200 None
2026-03-04 01:48:05,594 - filelock - DEBUG - Attempting to release lock 2046515403744 on C:\Users\KIIT\.cache\huggingface\hub\.locks\models--ds4sd--docling-models\d02c5889d288b8baefd42e9e4da094f0cea07bbe.lock
2026-03-04 01:48:05,595 - filelock - DEBUG - Lock 2046515403744 released on C:\Users\KIIT\.cache\huggingface\hub\.locks\models--ds4sd--docling-models\d02c5889d288b8baefd42e9e4da094f0cea07bbe.lock
2026-03-04 01:48:05,804 - urllib3.connectionpool - DEBUG - https://huggingface.co:443 "GET /ds4sd/docling-models/resolve/4659a7d29247f9f7a94102e1f313dad8e8c8f2f6/model_artifacts/tableformer/fast/tableformer_fast.safetensors HTTP/1.1" 307 177
2026-03-04 01:48:06,061 - urllib3.connectionpool - DEBUG - https://huggingface.co:443 "GET /docling-project/docling-models/resolve/4659a7d29247f9f7a94102e1f313dad8e8c8f2f6/model_artifacts/tableformer/fast/tableformer_fast.safetensors HTTP/1.1" 302 1365
2026-03-04 01:48:06,064 - urllib3.connectionpool - DEBUG - Starting new HTTPS connection (1): cas-bridge.xethub.hf.co:443
2026-03-04 01:48:06,068 - urllib3.connectionpool - DEBUG - https://cas-bridge.xethub.hf.co:443 "GET /xet-bridge-us/6683f1e3bd6e5421c747a05f/b701c9fa680e3e20b0a3014d3a00b000821aa0cdc4826bc4fb4e58048f872de8?X-Amz-Algorithm=AWS4-HMAC-SHA256&X-Amz-Content-Sha256=UNSIGNED-PAYLOAD&X-Amz-Credential=cas%2F20260303%2Fus-east-1%2Fs3%2Faws4_request&X-Amz-Date=20260303T195850Z&X-Amz-Expires=3600&X-Amz-Signature=401d4b044a8743bb4ca35c5396271b16989e79f3d2e21a56b39274c27c712395&X-Amz-SignedHeaders=host&X-Xet-Cas-Uid=public&response-content-disposition=inline%3B+filename*%3DUTF-8%27%27tableformer_accurate.safetensors%3B+filename%3D%22tableformer_accurate.safetensors%22%3B&x-amz-checksum-mode=ENABLED&x-id=GetObject&Expires=1772571530&Policy=eyJTdGF0ZW1lbnQiOlt7IkNvbmRpdGlvbiI6eyJEYXRlTGVzc1RoYW4iOnsiQVdTOkVwb2NoVGltZSI6MTc3MjU3MTUzMH19LCJSZXNvdXJjZSI6Imh0dHBzOi8vY2FzLWJyaWRnZS54ZXRodWIuaGYuY28veGV0LWJyaWRnZS11cy82NjgzZjFlM2JkNmU1NDIxYzc0N2EwNWYvYjcwMWM5ZmE2ODBlM2UyMGIwYTMwMTRkM2EwMGIwMDA4MjFhYTBjZGM0ODI2YmM0ZmI0ZTU4MDQ4Zjg3MmRlOCoifV19&Signature=gAeiGpFToWXRNqTXxTQeT8UzcqJjrSK0geXNykSQ6vOLC05R~aFXLyTeZLMagoKn8LKju0WcdlmFawf2SfTphh4gMdTMPqNz5PTSwLR2Rjj0sUASBMEytmQzqTOSyRDdeihiWkodhD46mDSskq31hrKkYyDGtToT7XOwQGB9mg7R~80sEIcyaX49h8yDfKTWuOCdCq~YutKY-umDe0o57Hm3mdjAQm62rNjXzFagJjorVdXFqkoPetuhnr7-dovDq3jy5sTc~rdeuYPiw3QIatRNT5tOWnx0fz0uzfruXOkxSxtn1GAT7PSgK02me5ngswK1Qtqf7DR2EcI6jx5svw__&Key-Pair-Id=K2L8F4GPSG1IFC HTTP/1.1" 200 212758388
2026-03-04 01:48:06,075 - urllib3.connectionpool - DEBUG - https://cas-bridge.xethub.hf.co:443 "GET /xet-bridge-us/6683f1e3bd6e5421c747a05f/6370e2b75c6ccd7fbe067d2b7c110738050eb85d680975864168d7eeacf2eee2?X-Amz-Algorithm=AWS4-HMAC-SHA256&X-Amz-Content-Sha256=UNSIGNED-PAYLOAD&X-Amz-Credential=cas%2F20260303%2Fus-east-1%2Fs3%2Faws4_request&X-Amz-Date=20260303T201804Z&X-Amz-Expires=3600&X-Amz-Signature=d4fb6bf0be41e83578431aaecfbb98c71e7ee71ce3651324ac5bb55af8b30e8b&X-Amz-SignedHeaders=host&X-Xet-Cas-Uid=public&response-content-disposition=inline%3B+filename*%3DUTF-8%27%27model.safetensors%3B+filename%3D%22model.safetensors%22%3B&x-amz-checksum-mode=ENABLED&x-id=GetObject&Expires=1772572684&Policy=eyJTdGF0ZW1lbnQiOlt7IkNvbmRpdGlvbiI6eyJEYXRlTGVzc1RoYW4iOnsiQVdTOkVwb2NoVGltZSI6MTc3MjU3MjY4NH19LCJSZXNvdXJjZSI6Imh0dHBzOi8vY2FzLWJyaWRnZS54ZXRodWIuaGYuY28veGV0LWJyaWRnZS11cy82NjgzZjFlM2JkNmU1NDIxYzc0N2EwNWYvNjM3MGUyYjc1YzZjY2Q3ZmJlMDY3ZDJiN2MxMTA3MzgwNTBlYjg1ZDY4MDk3NTg2NDE2OGQ3ZWVhY2YyZWVlMioifV19&Signature=LMsjJI6P8a~18Zln70-E-WxaWMCMv63FGrDCgD4Nl9gTd3B1qQLQ4RhSy3vnA4cpLIS6afdnA0baoRioz7wZmiAWA2uIUv4HW1zVM7jCZYWeu9rSzu36l1IaPBEJBsRrUnC5F06GzoEICY8oZmkGIbksksLbEiP6GGRzAejYXQ4nW2CfLZGy5IBRk-oZOV9u8e16r7sbNejKssy4fk7gZtz55-zAS7J0NlG7mLg021MfVU-vDgh7k9Gq-8f5QKSrIJUxTz2LI6pb9tKxaOTptWRVukLjpKiHruCAdr4mupD5oIYVOs0vCf6ivQTHGlNJxfrxqSFygf9n1HbQkz3AMA__&Key-Pair-Id=K2L8F4GPSG1IFC HTTP/1.1" 200 171666216
2026-03-04 01:48:06,532 - urllib3.connectionpool - DEBUG - https://cas-bridge.xethub.hf.co:443 "GET /xet-bridge-us/6683f1e3bd6e5421c747a05f/b53103be932783a652f518b8305122bd69b70e84ec09b57a5f35937401388725?X-Amz-Algorithm=AWS4-HMAC-SHA256&X-Amz-Content-Sha256=UNSIGNED-PAYLOAD&X-Amz-Credential=cas%2F20260303%2Fus-east-1%2Fs3%2Faws4_request&X-Amz-Date=20260303T201133Z&X-Amz-Expires=3600&X-Amz-Signature=db54bbb3cc2831391fffe5f7047c21aea30a178d62e272ba0f1795491767b097&X-Amz-SignedHeaders=host&X-Xet-Cas-Uid=public&response-content-disposition=inline%3B+filename*%3DUTF-8%27%27tableformer_fast.safetensors%3B+filename%3D%22tableformer_fast.safetensors%22%3B&x-amz-checksum-mode=ENABLED&x-id=GetObject&Expires=1772572293&Policy=eyJTdGF0ZW1lbnQiOlt7IkNvbmRpdGlvbiI6eyJEYXRlTGVzc1RoYW4iOnsiQVdTOkVwb2NoVGltZSI6MTc3MjU3MjI5M319LCJSZXNvdXJjZSI6Imh0dHBzOi8vY2FzLWJyaWRnZS54ZXRodWIuaGYuY28veGV0LWJyaWRnZS11cy82NjgzZjFlM2JkNmU1NDIxYzc0N2EwNWYvYjUzMTAzYmU5MzI3ODNhNjUyZjUxOGI4MzA1MTIyYmQ2OWI3MGU4NGVjMDliNTdhNWYzNTkzNzQwMTM4ODcyNSoifV19&Signature=fQl3E5ZjTEFK0fw8uhf1rrn5a2OSAFhNhY6IWVxTliTixAnXRAA7kMkf8MrCNmB5NzZEmxz6vdU98Cq0jxA65VScDmA-zPrYKt4jQNxFHEb-5bqNi2VLp-e2Y70ueYqpNfPTVHQhlCmoFBsB6Kj6eDhop~E41o0u4zOrElFYCmRqEeGwPpbkxubtat2tNLFuNzkQxLeK4bUciO9j0mBEKYIOFONfhpHCedToxdC3jbrYLmICXKH562pkORCfU9AskUV4gHzD~afuT0gu3-27GtIfgkn0jW3qfVRsexlqOCxBy3HxJ0w7vGZc2cb3FXzz2t6JG7j4Ly-nlxKINTRc7A__&Key-Pair-Id=K2L8F4GPSG1IFC HTTP/1.1" 200 145453276
2026-03-04 01:48:57,807 - filelock - DEBUG - Attempting to release lock 2044420735056 on C:\Users\KIIT\.cache\huggingface\hub\.locks\models--ds4sd--docling-models\3119563aab5a7c96fda4d621119b63fd8806272b86c30936d15507616422f718.lock
2026-03-04 01:48:57,808 - filelock - DEBUG - Lock 2044420735056 released on C:\Users\KIIT\.cache\huggingface\hub\.locks\models--ds4sd--docling-models\3119563aab5a7c96fda4d621119b63fd8806272b86c30936d15507616422f718.lock
2026-03-04 01:48:58,608 - filelock - DEBUG - Attempting to release lock 2044420664176 on C:\Users\KIIT\.cache\huggingface\hub\.locks\models--ds4sd--docling-models\31e60b4709571b613bc8736a9c982fb550d8d7a1809160a68a8282af60c8910b.lock
2026-03-04 01:48:58,609 - filelock - DEBUG - Lock 2044420664176 released on C:\Users\KIIT\.cache\huggingface\hub\.locks\models--ds4sd--docling-models\31e60b4709571b613bc8736a9c982fb550d8d7a1809160a68a8282af60c8910b.lock
2026-03-04 01:49:01,457 - filelock - DEBUG - Attempting to release lock 2044420620560 on C:\Users\KIIT\.cache\huggingface\hub\.locks\models--ds4sd--docling-models\2a7d6c924b3cd12fb99a09280ca9c33a89c5d60b93253617d2e088c1a40374d9.lock
2026-03-04 01:49:01,458 - filelock - DEBUG - Lock 2044420620560 released on C:\Users\KIIT\.cache\huggingface\hub\.locks\models--ds4sd--docling-models\2a7d6c924b3cd12fb99a09280ca9c33a89c5d60b93253617d2e088c1a40374d9.lock
2026-03-04 01:49:02,927 - glossapi.ocr.rapidocr.safe - INFO - Registered SafeRapidOcrModel for <class 'docling.datamodel.pipeline_options.RapidOcrOptions'>
2026-03-04 01:49:09,577 - glossapi.parquet_schema - WARNING - Unable to synthesise metadata parquet under output – no artifacts discovered
2026-03-04 01:49:09,666 - glossapi.parquet_schema - WARNING - Unable to synthesise metadata parquet under output – no artifacts discovered
2026-03-04 01:49:09,669 - glossapi.parquet_schema - WARNING - Unable to synthesise metadata parquet under output – no artifacts discovered
2026-03-04 18:58:05,898 - urllib3.connectionpool - DEBUG - Starting new HTTPS connection (1): huggingface.co:443
2026-03-04 18:58:07,005 - urllib3.connectionpool - DEBUG - https://huggingface.co:443 "GET /api/models/ds4sd/docling-layout-old/revision/main HTTP/1.1" 307 95
2026-03-04 18:58:07,264 - urllib3.connectionpool - DEBUG - https://huggingface.co:443 "GET /api/models/docling-project/docling-layout-old/revision/main HTTP/1.1" 200 827
2026-03-04 18:58:08,004 - docling_ibm_models.layoutmodel.layout_predictor - DEBUG - LayoutPredictor settings: {'model_name': 'RTDetrForObjectDetection', 'safe_tensors_file': 'C:\\Users\\KIIT\\.cache\\huggingface\\hub\\models--ds4sd--docling-layout-old\\snapshots\\b5b4bd59ad2b69aab715e9b1f1dfd74394c45fd4\\model.safetensors', 'device': 'cpu', 'num_threads': 4, 'image_size': {'height': 640, 'width': 640}, 'threshold': 0.3}
2026-03-04 18:58:08,253 - urllib3.connectionpool - DEBUG - https://huggingface.co:443 "GET /api/models/ds4sd/docling-models/revision/v2.2.0 HTTP/1.1" 307 93
2026-03-04 18:58:08,518 - urllib3.connectionpool - DEBUG - https://huggingface.co:443 "GET /api/models/docling-project/docling-models/revision/v2.2.0 HTTP/1.1" 200 1296
2026-03-04 18:58:10,491 - glossapi.ocr.rapidocr.safe - INFO - Registered SafeRapidOcrModel for <class 'docling.datamodel.pipeline_options.RapidOcrOptions'>
2026-03-04 18:58:17,430 - glossapi.parquet_schema - WARNING - Unable to synthesise metadata parquet under output – no artifacts discovered
2026-03-04 18:58:17,506 - glossapi.parquet_schema - WARNING - Unable to synthesise metadata parquet under output – no artifacts discovered
2026-03-04 18:58:17,510 - glossapi.parquet_schema - WARNING - Unable to synthesise metadata parquet under output – no artifacts discovered
2026-03-05 19:07:33,582 - urllib3.connectionpool - DEBUG - Starting new HTTPS connection (1): huggingface.co:443
2026-03-05 19:07:34,556 - urllib3.connectionpool - DEBUG - https://huggingface.co:443 "GET /api/models/ds4sd/docling-layout-old/revision/main HTTP/1.1" 307 95
2026-03-05 19:07:34,800 - urllib3.connectionpool - DEBUG - https://huggingface.co:443 "GET /api/models/docling-project/docling-layout-old/revision/main HTTP/1.1" 200 827
2026-03-05 19:07:35,500 - docling_ibm_models.layoutmodel.layout_predictor - DEBUG - LayoutPredictor settings: {'model_name': 'RTDetrForObjectDetection', 'safe_tensors_file': 'C:\\Users\\KIIT\\.cache\\huggingface\\hub\\models--ds4sd--docling-layout-old\\snapshots\\b5b4bd59ad2b69aab715e9b1f1dfd74394c45fd4\\model.safetensors', 'device': 'cpu', 'num_threads': 4, 'image_size': {'height': 640, 'width': 640}, 'threshold': 0.3}
2026-03-05 19:07:35,849 - urllib3.connectionpool - DEBUG - https://huggingface.co:443 "GET /api/models/ds4sd/docling-models/revision/v2.2.0 HTTP/1.1" 307 93
2026-03-05 19:07:36,161 - urllib3.connectionpool - DEBUG - https://huggingface.co:443 "GET /api/models/docling-project/docling-models/revision/v2.2.0 HTTP/1.1" 200 None
2026-03-05 19:07:37,784 - glossapi.ocr.rapidocr.safe - INFO - Registered SafeRapidOcrModel for <class 'docling.datamodel.pipeline_options.RapidOcrOptions'>
2026-03-05 19:07:44,961 - glossapi.parquet_schema - WARNING - Unable to synthesise metadata parquet under output – no artifacts discovered
2026-03-05 19:07:45,044 - glossapi.parquet_schema - WARNING - Unable to synthesise metadata parquet under output – no artifacts discovered
2026-03-05 19:07:45,048 - glossapi.parquet_schema - WARNING - Unable to synthesise metadata parquet under output – no artifacts discovered
2026-03-05 19:08:24,544 - urllib3.connectionpool - DEBUG - Starting new HTTPS connection (1): huggingface.co:443
2026-03-05 19:08:25,347 - urllib3.connectionpool - DEBUG - https://huggingface.co:443 "GET /api/models/ds4sd/docling-layout-old/revision/main HTTP/1.1" 307 95
2026-03-05 19:08:25,587 - urllib3.connectionpool - DEBUG - https://huggingface.co:443 "GET /api/models/docling-project/docling-layout-old/revision/main HTTP/1.1" 200 827
2026-03-05 19:08:25,927 - docling_ibm_models.layoutmodel.layout_predictor - DEBUG - LayoutPredictor settings: {'model_name': 'RTDetrForObjectDetection', 'safe_tensors_file': 'C:\\Users\\KIIT\\.cache\\huggingface\\hub\\models--ds4sd--docling-layout-old\\snapshots\\b5b4bd59ad2b69aab715e9b1f1dfd74394c45fd4\\model.safetensors', 'device': 'cpu', 'num_threads': 4, 'image_size': {'height': 640, 'width': 640}, 'threshold': 0.3}
2026-03-05 19:08:26,178 - urllib3.connectionpool - DEBUG - https://huggingface.co:443 "GET /api/models/ds4sd/docling-models/revision/v2.2.0 HTTP/1.1" 307 93
2026-03-05 19:08:26,418 - urllib3.connectionpool - DEBUG - https://huggingface.co:443 "GET /api/models/docling-project/docling-models/revision/v2.2.0 HTTP/1.1" 200 None
2026-03-05 19:08:27,070 - glossapi.ocr.rapidocr.safe - INFO - Registered SafeRapidOcrModel for <class 'docling.datamodel.pipeline_options.RapidOcrOptions'>
2026-03-05 19:08:28,121 - glossapi.parquet_schema - WARNING - Unable to synthesise metadata parquet under output – no artifacts discovered
2026-03-05 19:08:28,140 - glossapi.parquet_schema - WARNING - Unable to synthesise metadata parquet under output – no artifacts discovered
2026-03-05 19:08:28,146 - glossapi.parquet_schema - WARNING - Unable to synthesise metadata parquet under output – no artifacts discovered
2026-03-05 19:18:22,403 - urllib3.connectionpool - DEBUG - Starting new HTTPS connection (1): huggingface.co:443
2026-03-05 19:18:23,713 - urllib3.connectionpool - DEBUG - https://huggingface.co:443 "GET /api/models/ds4sd/docling-layout-old/revision/main HTTP/1.1" 307 95
2026-03-05 19:18:24,652 - urllib3.connectionpool - DEBUG - https://huggingface.co:443 "GET /api/models/docling-project/docling-layout-old/revision/main HTTP/1.1" 200 827
2026-03-05 19:18:24,971 - docling_ibm_models.layoutmodel.layout_predictor - DEBUG - LayoutPredictor settings: {'model_name': 'RTDetrForObjectDetection', 'safe_tensors_file': 'C:\\Users\\KIIT\\.cache\\huggingface\\hub\\models--ds4sd--docling-layout-old\\snapshots\\b5b4bd59ad2b69aab715e9b1f1dfd74394c45fd4\\model.safetensors', 'device': 'cpu', 'num_threads': 4, 'image_size': {'height': 640, 'width': 640}, 'threshold': 0.3}
2026-03-05 19:18:25,240 - urllib3.connectionpool - DEBUG - https://huggingface.co:443 "GET /api/models/ds4sd/docling-models/revision/v2.2.0 HTTP/1.1" 307 93
2026-03-05 19:18:25,517 - urllib3.connectionpool - DEBUG - https://huggingface.co:443 "GET /api/models/docling-project/docling-models/revision/v2.2.0 HTTP/1.1" 200 None
2026-03-05 19:18:26,144 - glossapi.ocr.rapidocr.safe - INFO - Registered SafeRapidOcrModel for <class 'docling.datamodel.pipeline_options.RapidOcrOptions'>
2026-03-05 19:18:27,068 - glossapi.parquet_schema - WARNING - Unable to synthesise metadata parquet under output – no artifacts discovered
2026-03-05 19:18:27,088 - glossapi.parquet_schema - WARNING - Unable to synthesise metadata parquet under output – no artifacts discovered
2026-03-05 19:18:27,091 - glossapi.parquet_schema - WARNING - Unable to synthesise metadata parquet under output – no artifacts discovered
2026-03-06 00:39:38,774 - urllib3.connectionpool - DEBUG - https://huggingface.co:443 "GET /api/models/ds4sd/docling-layout-old/revision/main HTTP/1.1" 307 95
2026-03-06 00:39:39,027 - urllib3.connectionpool - DEBUG - https://huggingface.co:443 "GET /api/models/docling-project/docling-layout-old/revision/main HTTP/1.1" 200 827
2026-03-06 00:39:39,263 - docling_ibm_models.layoutmodel.layout_predictor - DEBUG - LayoutPredictor settings: {'model_name': 'RTDetrForObjectDetection', 'safe_tensors_file': 'C:\\Users\\KIIT\\.cache\\huggingface\\hub\\models--ds4sd--docling-layout-old\\snapshots\\b5b4bd59ad2b69aab715e9b1f1dfd74394c45fd4\\model.safetensors', 'device': 'cpu', 'num_threads': 4, 'image_size': {'height': 640, 'width': 640}, 'threshold': 0.3}
2026-03-06 00:39:39,509 - urllib3.connectionpool - DEBUG - https://huggingface.co:443 "GET /api/models/ds4sd/docling-models/revision/v2.2.0 HTTP/1.1" 307 93
2026-03-06 00:39:39,762 - urllib3.connectionpool - DEBUG - https://huggingface.co:443 "GET /api/models/docling-project/docling-models/revision/v2.2.0 HTTP/1.1" 200 None
2026-03-06 00:39:40,475 - glossapi.ocr.rapidocr.safe - INFO - Registered SafeRapidOcrModel for <class 'docling.datamodel.pipeline_options.RapidOcrOptions'>
2026-03-06 00:39:41,230 - glossapi.parquet_schema - WARNING - Unable to synthesise metadata parquet under output – no artifacts discovered
2026-03-06 00:39:42,118 - glossapi.parquet_schema - WARNING - Unable to synthesise metadata parquet under output – no artifacts discovered
2026-03-06 00:39:42,122 - glossapi.parquet_schema - WARNING - Unable to synthesise metadata parquet under output – no artifacts discovered
2026-03-08 02:34:27,102 - urllib3.connectionpool - DEBUG - https://huggingface.co:443 "GET /api/models/ds4sd/docling-layout-old/revision/main HTTP/1.1" 307 95
2026-03-08 02:34:27,355 - urllib3.connectionpool - DEBUG - https://huggingface.co:443 "GET /api/models/docling-project/docling-layout-old/revision/main HTTP/1.1" 200 827
2026-03-08 02:34:27,770 - docling_ibm_models.layoutmodel.layout_predictor - DEBUG - LayoutPredictor settings: {'model_name': 'RTDetrForObjectDetection', 'safe_tensors_file': 'C:\\Users\\KIIT\\.cache\\huggingface\\hub\\models--ds4sd--docling-layout-old\\snapshots\\b5b4bd59ad2b69aab715e9b1f1dfd74394c45fd4\\model.safetensors', 'device': 'cpu', 'num_threads': 4, 'image_size': {'height': 640, 'width': 640}, 'threshold': 0.3}
2026-03-08 02:34:28,022 - urllib3.connectionpool - DEBUG - https://huggingface.co:443 "GET /api/models/ds4sd/docling-models/revision/v2.2.0 HTTP/1.1" 307 93
2026-03-08 02:34:28,280 - urllib3.connectionpool - DEBUG - https://huggingface.co:443 "GET /api/models/docling-project/docling-models/revision/v2.2.0 HTTP/1.1" 200 None
2026-03-08 02:34:29,588 - glossapi.ocr.rapidocr.safe - INFO - Registered SafeRapidOcrModel for <class 'docling.datamodel.pipeline_options.RapidOcrOptions'>
2026-03-08 02:34:34,813 - glossapi.parquet_schema - WARNING - Unable to synthesise metadata parquet under output – no artifacts discovered
2026-03-08 02:34:34,901 - glossapi.parquet_schema - WARNING - Unable to synthesise metadata parquet under output – no artifacts discovered
2026-03-08 02:34:34,905 - glossapi.parquet_schema - WARNING - Unable to synthesise metadata parquet under output – no artifacts discovered
2026-03-08 02:35:54,577 - urllib3.connectionpool - DEBUG - https://huggingface.co:443 "GET /api/models/ds4sd/docling-layout-old/revision/main HTTP/1.1" 307 95
2026-03-08 02:35:54,833 - urllib3.connectionpool - DEBUG - https://huggingface.co:443 "GET /api/models/docling-project/docling-layout-old/revision/main HTTP/1.1" 200 827
2026-03-08 02:35:55,112 - docling_ibm_models.layoutmodel.layout_predictor - DEBUG - LayoutPredictor settings: {'model_name': 'RTDetrForObjectDetection', 'safe_tensors_file': 'C:\\Users\\KIIT\\.cache\\huggingface\\hub\\models--ds4sd--docling-layout-old\\snapshots\\b5b4bd59ad2b69aab715e9b1f1dfd74394c45fd4\\model.safetensors', 'device': 'cpu', 'num_threads': 4, 'image_size': {'height': 640, 'width': 640}, 'threshold': 0.3}
2026-03-08 02:35:55,367 - urllib3.connectionpool - DEBUG - https://huggingface.co:443 "GET /api/models/ds4sd/docling-models/revision/v2.2.0 HTTP/1.1" 307 93
2026-03-08 02:35:55,620 - urllib3.connectionpool - DEBUG - https://huggingface.co:443 "GET /api/models/docling-project/docling-models/revision/v2.2.0 HTTP/1.1" 200 None
2026-03-08 02:35:56,118 - glossapi.ocr.rapidocr.safe - INFO - Registered SafeRapidOcrModel for <class 'docling.datamodel.pipeline_options.RapidOcrOptions'>
2026-03-08 02:35:56,897 - glossapi.parquet_schema - WARNING - Unable to synthesise metadata parquet under output – no artifacts discovered
2026-03-08 02:35:56,915 - glossapi.parquet_schema - WARNING - Unable to synthesise metadata parquet under output – no artifacts discovered
2026-03-08 02:35:56,918 - glossapi.parquet_schema - WARNING - Unable to synthesise metadata parquet under output – no artifacts discovered
2026-03-08 02:42:05,172 - urllib3.connectionpool - DEBUG - https://huggingface.co:443 "GET /api/models/ds4sd/docling-layout-old/revision/main HTTP/1.1" 307 95
2026-03-08 02:42:05,427 - urllib3.connectionpool - DEBUG - https://huggingface.co:443 "GET /api/models/docling-project/docling-layout-old/revision/main HTTP/1.1" 200 827
2026-03-08 02:42:05,709 - docling_ibm_models.layoutmodel.layout_predictor - DEBUG - LayoutPredictor settings: {'model_name': 'RTDetrForObjectDetection', 'safe_tensors_file': 'C:\\Users\\KIIT\\.cache\\huggingface\\hub\\models--ds4sd--docling-layout-old\\snapshots\\b5b4bd59ad2b69aab715e9b1f1dfd74394c45fd4\\model.safetensors', 'device': 'cpu', 'num_threads': 4, 'image_size': {'height': 640, 'width': 640}, 'threshold': 0.3}
2026-03-08 02:42:05,959 - urllib3.connectionpool - DEBUG - https://huggingface.co:443 "GET /api/models/ds4sd/docling-models/revision/v2.2.0 HTTP/1.1" 307 93
2026-03-08 02:42:06,218 - urllib3.connectionpool - DEBUG - https://huggingface.co:443 "GET /api/models/docling-project/docling-models/revision/v2.2.0 HTTP/1.1" 200 None
2026-03-08 02:42:07,092 - glossapi.ocr.rapidocr.safe - INFO - Registered SafeRapidOcrModel for <class 'docling.datamodel.pipeline_options.RapidOcrOptions'>
2026-03-08 02:42:12,389 - glossapi.parquet_schema - WARNING - Unable to synthesise metadata parquet under output – no artifacts discovered
2026-03-08 02:42:12,837 - glossapi.parquet_schema - WARNING - Unable to synthesise metadata parquet under output – no artifacts discovered
2026-03-08 02:42:12,840 - glossapi.parquet_schema - WARNING - Unable to synthesise metadata parquet under output – no artifacts discovered
2026-03-08 02:46:38,044 - urllib3.connectionpool - DEBUG - https://huggingface.co:443 "GET /api/models/ds4sd/docling-layout-old/revision/main HTTP/1.1" 307 95
2026-03-08 02:46:38,297 - urllib3.connectionpool - DEBUG - https://huggingface.co:443 "GET /api/models/docling-project/docling-layout-old/revision/main HTTP/1.1" 200 827
2026-03-08 02:46:38,517 - docling_ibm_models.layoutmodel.layout_predictor - DEBUG - LayoutPredictor settings: {'model_name': 'RTDetrForObjectDetection', 'safe_tensors_file': 'C:\\Users\\KIIT\\.cache\\huggingface\\hub\\models--ds4sd--docling-layout-old\\snapshots\\b5b4bd59ad2b69aab715e9b1f1dfd74394c45fd4\\model.safetensors', 'device': 'cpu', 'num_threads': 4, 'image_size': {'height': 640, 'width': 640}, 'threshold': 0.3}
2026-03-08 02:46:38,768 - urllib3.connectionpool - DEBUG - https://huggingface.co:443 "GET /api/models/ds4sd/docling-models/revision/v2.2.0 HTTP/1.1" 307 93
2026-03-08 02:46:39,030 - urllib3.connectionpool - DEBUG - https://huggingface.co:443 "GET /api/models/docling-project/docling-models/revision/v2.2.0 HTTP/1.1" 200 None
2026-03-08 02:46:39,477 - glossapi.ocr.rapidocr.safe - INFO - Registered SafeRapidOcrModel for <class 'docling.datamodel.pipeline_options.RapidOcrOptions'>
2026-03-08 02:46:40,172 - glossapi.parquet_schema - WARNING - Unable to synthesise metadata parquet under output – no artifacts discovered
2026-03-08 02:46:40,577 - glossapi.parquet_schema - WARNING - Unable to synthesise metadata parquet under output – no artifacts discovered
2026-03-08 02:46:40,580 - glossapi.parquet_schema - WARNING - Unable to synthesise metadata parquet under output – no artifacts discovered
