2025-03-30 04:01:27,286 - INFO - Logging initialized. Log file: ./logs/download_20250330_040127.log
2025-03-30 04:01:27,286 - INFO - PDF Downloader starting with arguments: {'json': '../json_sitemaps/kallipos_pdf.json', 'sleep': 1.0, 'type': 'pdf', 'req': 'get', 'output': './downloads', 'little_potato': './downloads', 'batch': 2, 'concurrent': 1, 'max_retries': 1, 'timeout': 10, 'log_dir': './logs', 'start_at': 0, 'skip_every': 0, 'randomize': False, 'kallipos_mode': True}
2025-03-30 04:01:27,295 - INFO - Loaded 5169 items from ../json_sitemaps/kallipos_pdf.json
2025-03-30 04:01:27,295 - INFO - Loaded existing failed downloads report with 4 entries
2025-03-30 04:01:27,295 - INFO - Adding alternative URL to try: https://repository.kallipos.gr/handle/11419/295
2025-03-30 04:01:27,295 - INFO - Adding alternative URL to try: https://repository.kallipos.gr/handle/11419/562
2025-03-30 04:01:27,295 - INFO - Adding alternative URL to try: https://repository.kallipos.gr/handle/11419/774
2025-03-30 04:01:27,295 - INFO - Adding alternative URL to try: https://repository.kallipos.gr/handle/11419/513
2025-03-30 04:01:27,296 - INFO - Adding 4 alternative URLs to the download queue
2025-03-30 04:01:27,297 - INFO - Final processing list contains 5169 items
2025-03-30 04:01:27,297 - INFO - 🚀 KALLIPOS MODE ENABLED: Using optimized settings for Kallipos repository
2025-03-30 04:01:27,297 - INFO - Using 1 concurrent downloads, 1.0s delay, 3 max retries
2025-03-30 04:01:27,297 - INFO - Loaded progress report with 45 entries
2025-03-30 04:01:27,298 - INFO - Total files: 5169, Already processed: 45, Remaining: 5124
2025-03-30 04:01:29,709 - ERROR - Server error 500 for https://repository.kallipos.gr/retrieve/257938a8-2fba-4151-8100-5c0342d8ff71/295-TRIANTAFYLLOU-Information-Retrieval-and-Search-Techniques.pdf (common with Kallipos repository)
2025-03-30 04:01:29,719 - INFO - Adding 10.8s extra delay for Kallipos 500 error
2025-03-30 04:01:42,527 - ERROR - Server error 500 for https://repository.kallipos.gr/retrieve/e51ef661-b962-4b35-b170-f4ecd02a3188/562-DASSIOS-Partial-Differential-Equations.pdf (common with Kallipos repository)
2025-03-30 04:01:42,527 - INFO - Adding 12.1s extra delay for Kallipos 500 error
2025-03-30 04:01:54,653 - WARNING - Failed to download file for metadata: ΜΑΘΗΜΑΤΙΚΑ ΚΑΙ ΠΛΗΡΟΦΟΡΙΚΗ > ΕΠΙΣΤΗΜΗ ΥΠΟΛΟΓΙΣΤΩΝ/ΠΛΗΡΟΦΟΡΙΚΗ > ΔΙΑΧΕΙΡΙΣΗ ΠΛΗΡΟΦΟΡΙΑΣ > Τεχνικές Αναζήτησης και Ανάκτηση Πληροφοριών
2025-03-30 04:01:54,654 - WARNING - Failed to download file for metadata: ΜΑΘΗΜΑΤΙΚΑ ΚΑΙ ΠΛΗΡΟΦΟΡΙΚΗ > ΜΑΘΗΜΑΤΙΚΑ > ΔΙΑΦΟΡΙΚΕΣ ΕΞΙΣΩΣΕΙΣ ΜΕ ΜΕΡΙΚΕΣ ΠΑΡΑΓΩΓΟΥΣ > Μερικές Διαφορικές Εξισώσεις
2025-03-30 04:01:54,654 - INFO - Retrying download for 2 failed files
2025-03-30 04:01:56,547 - ERROR - Server error 500 for https://repository.kallipos.gr/retrieve/257938a8-2fba-4151-8100-5c0342d8ff71/295-TRIANTAFYLLOU-Information-Retrieval-and-Search-Techniques.pdf (common with Kallipos repository)
2025-03-30 04:01:56,548 - INFO - Adding 11.0s extra delay for Kallipos 500 error
2025-03-30 04:02:10,717 - ERROR - Server error 500 for https://repository.kallipos.gr/retrieve/e51ef661-b962-4b35-b170-f4ecd02a3188/562-DASSIOS-Partial-Differential-Equations.pdf (common with Kallipos repository)
2025-03-30 04:02:10,717 - INFO - Adding 10.3s extra delay for Kallipos 500 error
2025-03-30 04:02:20,990 - INFO - Downloading 2 additional files to complete batch
2025-03-30 04:02:23,504 - WARNING - Downloaded content is not a PDF file, status was 200 but content doesn't start with %PDF-
2025-03-30 04:02:25,474 - WARNING - Downloaded content is not a PDF file, status was 200 but content doesn't start with %PDF-
2025-03-30 04:02:25,475 - WARNING - Failed to download file for metadata: ΜΑΘΗΜΑΤΙΚΑ ΚΑΙ ΠΛΗΡΟΦΟΡΙΚΗ > ΕΠΙΣΤΗΜΗ ΥΠΟΛΟΓΙΣΤΩΝ/ΠΛΗΡΟΦΟΡΙΚΗ > ΚΟΙΝΩΝΙΚΑ ΖΗΤΗΜΑΤΑ ΚΑΙ ΕΠΑΓΓΕΛΜΑΤΙΚΕΣ ΠΡΑΚΤΙΚΕΣ > Εισαγωγή στο Κυβερνοέγκλημα
2025-03-30 04:02:25,475 - WARNING - Failed to download file for metadata: ΜΑΘΗΜΑΤΙΚΑ ΚΑΙ ΠΛΗΡΟΦΟΡΙΚΗ > ΜΑΘΗΜΑΤΙΚΑ > Εισαγωγή στην Αντιμεταθετική Άλγεβρα
2025-03-30 04:02:25,476 - INFO - Retrying download for 2 failed files
2025-03-30 04:02:27,314 - WARNING - Downloaded content is not a PDF file, status was 200 but content doesn't start with %PDF-
2025-03-30 04:02:30,200 - WARNING - Downloaded content is not a PDF file, status was 200 but content doesn't start with %PDF-
2025-03-30 04:02:30,201 - WARNING - Failed to download 4 files in this session.
2025-03-30 04:02:30,201 - INFO - Alternative URL for failed download: https://repository.kallipos.gr/handle/11419/295
2025-03-30 04:02:30,201 - INFO - Alternative URL for failed download: https://repository.kallipos.gr/handle/11419/562
2025-03-30 04:02:30,201 - INFO - Alternative URL for failed download: https://repository.kallipos.gr/handle/11419/774
2025-03-30 04:02:30,201 - INFO - Alternative URL for failed download: https://repository.kallipos.gr/handle/11419/513
2025-03-30 04:02:30,202 - INFO - PDF downloads completed. Downloaded 0 new files out of 2 requested.
2025-03-30 04:02:30,202 - INFO - Progress report written to progress_report.json
2025-03-30 04:02:30,203 - INFO - Failed downloads report written to ./downloads/failed_downloads.json with 4 entries
2025-03-30 04:02:30,203 - INFO - === DOWNLOAD SESSION SUMMARY ===
2025-03-30 04:02:30,203 - INFO - Requested batch size: 2
2025-03-30 04:02:30,203 - INFO - Successfully downloaded: 0
2025-03-30 04:02:30,203 - INFO - Failed downloads in this session: 4
2025-03-30 04:02:30,203 - INFO - Total failed downloads recorded: 4
2025-03-30 04:02:30,206 - INFO - Remaining files to download: 5124
2025-03-30 04:02:30,206 - INFO - === Download Statistics ===
2025-03-30 04:02:30,206 - INFO - Total files in JSON: 5169
2025-03-30 04:02:30,206 - INFO - Files processed so far: 45 (0.9%)
2025-03-30 04:02:30,206 - INFO - Files remaining: 5124 (99.1%)
2025-03-30 04:02:30,206 - INFO - ===============================
2025-03-30 04:02:30,208 - INFO - Total execution time: 62.92 seconds (1.05 minutes)
