2025-03-30 04:12:08,454 - INFO - Logging initialized. Log file: ./logs/download_20250330_041208.log
2025-03-30 04:12:08,455 - INFO - PDF Downloader starting with arguments: {'json': '../json_sitemaps/kallipos_pdf.json', 'sleep': 3.0, 'type': 'pdf', 'req': 'get', 'output': './downloads', 'little_potato': './downloads', 'batch': 2, 'concurrent': 1, 'max_retries': 1, 'timeout': 30, 'log_dir': './logs', 'start_at': 0, 'skip_every': 0, 'randomize': False, 'kallipos_mode': False}
2025-03-30 04:12:08,462 - INFO - Loaded 5169 items from ../json_sitemaps/kallipos_pdf.json
2025-03-30 04:12:08,462 - INFO - Loaded existing failed downloads report with 10 entries
2025-03-30 04:12:08,462 - INFO - Skipping problematic URL: https://repository.kallipos.gr/retrieve/257938a8-2fba-4151-8100-5c0342d8ff71/295-TRIANTAFYLLOU-Information-Retrieval-and-Search-Techniques.pdf
2025-03-30 04:12:08,462 - INFO - Skipping problematic URL: https://repository.kallipos.gr/retrieve/e51ef661-b962-4b35-b170-f4ecd02a3188/562-DASSIOS-Partial-Differential-Equations.pdf
2025-03-30 04:12:08,462 - INFO - Skipping problematic URL: https://repository.kallipos.gr/retrieve/16116074-2f28-4a89-8965-8908163141f2/774-GAVALAKIS-Introduction-to-cybercrime.pdf
2025-03-30 04:12:08,462 - INFO - Skipping problematic URL: https://repository.kallipos.gr/retrieve/ec377ac9-4050-4994-a209-f6938c5050fa/513-CHARALAMBOUS-Introduction-to-Commutative-Algebra (1).pdf
2025-03-30 04:12:08,462 - INFO - Skipping problematic URL: https://repository.kallipos.gr/retrieve/ad75c3df-a0ab-436e-be51-81655b1020ea/615_FLOROU_Statistical-Research-Methods.pdf
2025-03-30 04:12:08,462 - INFO - Skipping problematic URL: https://repository.kallipos.gr/retrieve/0ff9a847-98be-4b22-920e-cf67ac531e5d/49-STRATIS-An-Introduction-to-Mathematical-Biology.pdf
2025-03-30 04:12:08,462 - INFO - Skipping problematic URL: https://repository.kallipos.gr/retrieve/b5d477dd-7b8b-485e-8140-41fb1a7e5595/20230714_ΠΑ_Βαγιάνος_Γραφιστική Επιμέλεια.pdf
2025-03-30 04:12:08,462 - INFO - Skipping problematic URL: https://repository.kallipos.gr/retrieve/d955dec6-0a2a-4769-a9b6-3d56077d8915/53-VARSOS-Elements-of-advanced-mathematics.pdf
2025-03-30 04:12:08,462 - INFO - Skipping problematic URL: https://repository.kallipos.gr/retrieve/21a8d5f7-a8ba-443d-b1e2-7e319cf9d9e9/56-ZACHARIS-Problems-solving-using-C.pdf
2025-03-30 04:12:08,463 - INFO - Skipping problematic URL: https://repository.kallipos.gr/retrieve/bc437712-142f-439e-a252-83fefc6007f7/698-TSOUKATOS-Wireless-Communications.pdf
2025-03-30 04:12:08,463 - INFO - Filtered out 10 problematic URLs
2025-03-30 04:12:08,463 - INFO - Final processing list contains 5159 items
2025-03-30 04:12:08,463 - INFO - Loaded progress report with 45 entries
2025-03-30 04:12:08,465 - INFO - Total files: 5159, Already processed: 45, Remaining: 5114
2025-03-30 04:12:12,996 - WARNING - Downloaded content is not a PDF file, status was 200 but not identified as PDF
2025-03-30 04:12:16,726 - ERROR - Server error 500 for https://repository.kallipos.gr/retrieve/99dc8ba8-f04b-4e59-bfc5-68eb59ab7402/768_DAMASKINIDIS_Social-reflections-translation.pdf (common with Kallipos repository)
2025-03-30 04:12:16,726 - INFO - Adding 14.7s extra delay for Kallipos 500 error
2025-03-30 04:12:31,415 - WARNING - Failed to download file for metadata: ΜΑΘΗΜΑΤΙΚΑ ΚΑΙ ΠΛΗΡΟΦΟΡΙΚΗ > ΕΠΙΣΤΗΜΗ ΥΠΟΛΟΓΙΣΤΩΝ/ΠΛΗΡΟΦΟΡΙΚΗ > ΜΗΧΑΝΙΚΗ ΛΟΓΙΣΜΙΚΟΥ > Ευέλικτες μέθοδοι διοίκησης και διαχείρισης έργων
2025-03-30 04:12:31,415 - WARNING - Failed to download file for metadata: ΑΝΘΡΩΠΙΣΤΙΚΕΣ ΕΠΙΣΤΗΜΕΣ ΚΑΙ ΤΕΧΝΕΣ > ΓΛΩΣΣΟΛΟΓΙΑ > ΠΕΔΙΑ ΓΛΩΣΣΟΛΟΓΙΑΣ > Κοινωνικές αντανακλάσεις στη μετάφραση
2025-03-30 04:12:31,415 - INFO - Retrying download for 2 failed files
2025-03-30 04:12:34,759 - WARNING - Downloaded content is not a PDF file, status was 200 but not identified as PDF
2025-03-30 04:12:39,325 - ERROR - Server error 500 for https://repository.kallipos.gr/retrieve/99dc8ba8-f04b-4e59-bfc5-68eb59ab7402/768_DAMASKINIDIS_Social-reflections-translation.pdf (common with Kallipos repository)
2025-03-30 04:12:39,325 - INFO - Adding 12.5s extra delay for Kallipos 500 error
2025-03-30 04:12:51,818 - INFO - Downloading 2 additional files to complete batch
2025-03-30 04:12:59,270 - WARNING - Downloaded content is not a PDF file, status was 200 but not identified as PDF
2025-03-30 04:13:04,203 - WARNING - Downloaded content is not a PDF file, status was 200 but not identified as PDF
2025-03-30 04:13:04,204 - WARNING - Failed to download file for metadata: ΜΑΘΗΜΑΤΙΚΑ ΚΑΙ ΠΛΗΡΟΦΟΡΙΚΗ > ΕΠΙΣΤΗΜΗ ΥΠΟΛΟΓΙΣΤΩΝ/ΠΛΗΡΟΦΟΡΙΚΗ > ΔΙΚΤΥΑ ΚΑΙ ΕΠΙΚΟΙΝΩΝΙΕΣ > Οπτικές Επικοινωνίες και Δίκτυα
2025-03-30 04:13:04,204 - WARNING - Failed to download file for metadata: ΜΑΘΗΜΑΤΙΚΑ ΚΑΙ ΠΛΗΡΟΦΟΡΙΚΗ > ΕΠΙΣΤΗΜΗ ΥΠΟΛΟΓΙΣΤΩΝ/ΠΛΗΡΟΦΟΡΙΚΗ > ΥΠΟΛΟΓΙΣΤΙΚΗ ΕΠΙΣΤΗΜΗ > Αναλυτικός Οδηγός Εκμάθησης Παραμετρικής Σχεδίασης με το CreoParametric
2025-03-30 04:13:04,205 - INFO - Retrying download for 2 failed files
2025-03-30 04:13:08,791 - WARNING - Downloaded content is not a PDF file, status was 200 but not identified as PDF
2025-03-30 04:13:12,670 - WARNING - Downloaded content is not a PDF file, status was 200 but not identified as PDF
2025-03-30 04:13:12,672 - WARNING - Failed to download 4 files in this session.
2025-03-30 04:13:12,672 - INFO - Alternative URL for failed download: https://repository.kallipos.gr/handle/11419/180
2025-03-30 04:13:12,672 - INFO - Alternative URL for failed download: https://repository.kallipos.gr/handle/11419/574
2025-03-30 04:13:12,672 - INFO - Alternative URL for failed download: https://repository.kallipos.gr/handle/11419/166
2025-03-30 04:13:12,672 - INFO - PDF downloads completed. Downloaded 0 new files out of 2 requested.
2025-03-30 04:13:12,683 - INFO - Progress report written to progress_report.json
2025-03-30 04:13:12,684 - INFO - Failed downloads report written to ./downloads/failed_downloads.json with 14 entries
2025-03-30 04:13:12,684 - INFO - === DOWNLOAD SESSION SUMMARY ===
2025-03-30 04:13:12,684 - INFO - Requested batch size: 2
2025-03-30 04:13:12,684 - INFO - Successfully downloaded: 0
2025-03-30 04:13:12,684 - INFO - Failed downloads in this session: 4
2025-03-30 04:13:12,684 - INFO - Total failed downloads recorded: 14
2025-03-30 04:13:12,687 - INFO - Remaining files to download: 5114
2025-03-30 04:13:12,687 - INFO - === Download Statistics ===
2025-03-30 04:13:12,688 - INFO - Total files in JSON: 5159
2025-03-30 04:13:12,688 - INFO - Files processed so far: 45 (0.9%)
2025-03-30 04:13:12,688 - INFO - Files remaining: 5114 (99.1%)
2025-03-30 04:13:12,688 - INFO - ===============================
2025-03-30 04:13:12,690 - INFO - Total execution time: 64.24 seconds (1.07 minutes)
