2025-03-29 04:46:37,172 - INFO - Logging initialized. Log file: ./logs/download_20250329_044637.log
2025-03-29 04:46:37,172 - INFO - PDF Downloader starting with arguments: {'json': '../../scraping/json_sitemaps/kallipos_pdf.json', 'type': 'pdf', 'req': 'get', 'output': '../../downloads/kallipos', 'little_potato': '../../downloads/kallipos', 'batch': 100, 'sleep': 3.0, 'timeout': 120, 'max_retries': 8, 'concurrent': 0, 'log_dir': './logs', 'kallipos_mode': True}
2025-03-29 04:46:37,182 - INFO - Loaded 5169 items from ../../scraping/json_sitemaps/kallipos_pdf.json
2025-03-29 04:46:37,182 - INFO - 🚀 KALLIPOS MODE ENABLED: Using optimized settings for Kallipos repository
2025-03-29 04:46:37,182 - INFO - Using 2 concurrent downloads, 3.0s delay, 8 max retries
2025-03-29 04:46:37,183 - INFO - Loaded progress report with 224 entries
2025-03-29 04:46:37,183 - INFO - Total files: 5169, Already processed: 224, Remaining: 4945
2025-03-29 04:46:37,183 - INFO - Scheduled 10/100 downloads
2025-03-29 04:46:37,184 - INFO - Scheduled 20/100 downloads
2025-03-29 04:46:37,184 - INFO - Scheduled 30/100 downloads
2025-03-29 04:46:37,184 - INFO - Scheduled 40/100 downloads
2025-03-29 04:46:37,184 - INFO - Scheduled 50/100 downloads
2025-03-29 04:46:37,185 - INFO - Scheduled 60/100 downloads
2025-03-29 04:46:37,185 - INFO - Scheduled 70/100 downloads
2025-03-29 04:46:37,185 - INFO - Scheduled 80/100 downloads
2025-03-29 04:46:37,186 - INFO - Scheduled 90/100 downloads
2025-03-29 04:46:37,186 - INFO - Scheduled 100/100 downloads
2025-03-29 04:46:41,086 - ERROR - Server error 500 for https://repository.kallipos.gr/retrieve/257938a8-2fba-4151-8100-5c0342d8ff71/295-TRIANTAFYLLOU-Information-Retrieval-and-Search-Techniques.pdf (common with Kallipos repository)
2025-03-29 04:46:41,086 - INFO - Adding 13.2s extra delay for Kallipos 500 error
2025-03-29 04:46:41,087 - ERROR - Server error 500 for https://repository.kallipos.gr/retrieve/e51ef661-b962-4b35-b170-f4ecd02a3188/562-DASSIOS-Partial-Differential-Equations.pdf (common with Kallipos repository)
2025-03-29 04:46:41,087 - INFO - Adding 18.0s extra delay for Kallipos 500 error
2025-03-29 04:46:54,335 - INFO - Retry 1/8 - waiting 9.6s
2025-03-29 04:46:59,078 - INFO - Retry 1/8 - waiting 6.5s
2025-03-29 04:56:30,745 - ERROR - Unclosed client session
client_session: <aiohttp.client.ClientSession object at 0x7ff1db8911b0>
2025-03-29 04:56:30,746 - ERROR - Unclosed client session
client_session: <aiohttp.client.ClientSession object at 0x7ff1db8924a0>
