2025-03-29 16:06:26,226 - INFO - Logging initialized. Log file: ./logs/download_20250329_160626.log
2025-03-29 16:06:26,226 - INFO - PDF Downloader starting with arguments: {'json': '../../scraping/json_sitemaps/kallipos_pdf.json', 'type': 'pdf', 'req': 'get', 'output': '../../downloads/kallipos', 'little_potato': '../../downloads/kallipos', 'batch': 100, 'sleep': 3.0, 'timeout': 120, 'max_retries': 8, 'concurrent': 0, 'log_dir': './logs', 'kallipos_mode': True, 'start_at': 0, 'skip_every': 0, 'randomize': False}
2025-03-29 16:06:26,250 - INFO - Loaded 5169 items from ../../scraping/json_sitemaps/kallipos_pdf.json
2025-03-29 16:06:26,250 - INFO - Final processing list contains 5169 items
2025-03-29 16:06:26,250 - INFO - 🚀 KALLIPOS MODE ENABLED: Using optimized settings for Kallipos repository
2025-03-29 16:06:26,250 - INFO - Using 2 concurrent downloads, 3.0s delay, 8 max retries
2025-03-29 16:06:26,251 - INFO - Loaded progress report with 224 entries
2025-03-29 16:06:26,251 - INFO - Total files: 5169, Already processed: 224, Remaining: 4945
2025-03-29 16:06:26,252 - INFO - Scheduled 10/100 downloads
2025-03-29 16:06:26,252 - INFO - Scheduled 20/100 downloads
2025-03-29 16:06:26,252 - INFO - Scheduled 30/100 downloads
2025-03-29 16:06:26,253 - INFO - Scheduled 40/100 downloads
2025-03-29 16:06:26,253 - INFO - Scheduled 50/100 downloads
2025-03-29 16:06:26,254 - INFO - Scheduled 60/100 downloads
2025-03-29 16:06:26,254 - INFO - Scheduled 70/100 downloads
2025-03-29 16:06:26,254 - INFO - Scheduled 80/100 downloads
2025-03-29 16:06:26,254 - INFO - Scheduled 90/100 downloads
2025-03-29 16:06:26,254 - INFO - Scheduled 100/100 downloads
2025-03-29 16:06:26,255 - DEBUG - Waiting 5.9s before next request
2025-03-29 16:06:26,255 - DEBUG - Waiting 4.7s before next request
2025-03-29 16:06:26,257 - INFO - 🔄 Kallipos rate limit prevention: Taking a 89 second break after 20 attempts
2025-03-29 16:06:26,258 - INFO - 🔄 Kallipos rate limit prevention: Taking a 93 second break after 40 attempts
2025-03-29 16:06:26,260 - INFO - 🔄 Kallipos rate limit prevention: Taking a 108 second break after 60 attempts
2025-03-29 16:06:26,261 - INFO - 🔄 Kallipos rate limit prevention: Taking a 100 second break after 80 attempts
2025-03-29 16:06:26,262 - INFO - 🔄 Kallipos rate limit prevention: Taking a 62 second break after 100 attempts
2025-03-29 16:06:31,851 - INFO - Attempting to extract PDF from HTML page: https://repository.kallipos.gr/retrieve/e51ef661-b962-4b35-b170-f4ecd02a3188/562-DASSIOS-Partial-Differential-Equations.pdf
2025-03-29 16:06:32,012 - WARNING - Could not extract PDF from any URL variation
2025-03-29 16:06:32,063 - ERROR - Server error 500 for https://repository.kallipos.gr/retrieve/e51ef661-b962-4b35-b170-f4ecd02a3188/562-DASSIOS-Partial-Differential-Equations.pdf (common with Kallipos repository)
2025-03-29 16:06:32,064 - INFO - Adding 12.1s extra delay for Kallipos 500 error
2025-03-29 16:06:32,719 - INFO - Attempting to extract PDF from HTML page: https://repository.kallipos.gr/retrieve/257938a8-2fba-4151-8100-5c0342d8ff71/295-TRIANTAFYLLOU-Information-Retrieval-and-Search-Techniques.pdf
2025-03-29 16:06:32,881 - WARNING - Could not extract PDF from any URL variation
2025-03-29 16:06:32,934 - ERROR - Server error 500 for https://repository.kallipos.gr/retrieve/257938a8-2fba-4151-8100-5c0342d8ff71/295-TRIANTAFYLLOU-Information-Retrieval-and-Search-Techniques.pdf (common with Kallipos repository)
2025-03-29 16:06:32,934 - INFO - Adding 10.2s extra delay for Kallipos 500 error
2025-03-29 16:06:43,151 - INFO - Retry 1/8 - waiting 6.3s
2025-03-29 16:06:44,190 - INFO - Retry 1/8 - waiting 7.7s
