2025-03-30 04:03:28,617 - INFO - Logging initialized. Log file: ./logs/download_20250330_040328.log
2025-03-30 04:03:28,617 - INFO - PDF Downloader starting with arguments: {'json': '../json_sitemaps/kallipos_pdf.json', 'sleep': 2.0, 'type': 'pdf', 'req': 'get', 'output': './downloads', 'little_potato': './downloads', 'batch': 5, 'concurrent': 3, 'max_retries': 3, 'timeout': 120, 'log_dir': './logs', 'start_at': 0, 'skip_every': 0, 'randomize': False, 'kallipos_mode': False}
2025-03-30 04:03:28,624 - INFO - Loaded 5169 items from ../json_sitemaps/kallipos_pdf.json
2025-03-30 04:03:28,624 - INFO - Loaded existing failed downloads report with 4 entries
2025-03-30 04:03:28,624 - INFO - Adding alternative URL to try: https://repository.kallipos.gr/handle/11419/295
2025-03-30 04:03:28,624 - INFO - Adding alternative URL to try: https://repository.kallipos.gr/handle/11419/562
2025-03-30 04:03:28,624 - INFO - Adding alternative URL to try: https://repository.kallipos.gr/handle/11419/774
2025-03-30 04:03:28,624 - INFO - Adding alternative URL to try: https://repository.kallipos.gr/handle/11419/513
2025-03-30 04:03:28,625 - INFO - Adding 4 alternative URLs to the download queue
2025-03-30 04:03:28,626 - INFO - Final processing list contains 5169 items
2025-03-30 04:03:28,626 - INFO - Loaded progress report with 45 entries
2025-03-30 04:03:28,628 - INFO - Total files: 5169, Already processed: 45, Remaining: 5124
2025-03-30 04:03:31,651 - WARNING - Downloaded content is not a PDF file, status was 200 but content doesn't start with %PDF-
2025-03-30 04:03:32,252 - ERROR - Failed to download https://repository.kallipos.gr/retrieve/e51ef661-b962-4b35-b170-f4ecd02a3188/562-DASSIOS-Partial-Differential-Equations.pdf. Status code: 500
2025-03-30 04:03:32,632 - ERROR - Failed to download https://repository.kallipos.gr/retrieve/257938a8-2fba-4151-8100-5c0342d8ff71/295-TRIANTAFYLLOU-Information-Retrieval-and-Search-Techniques.pdf. Status code: 500
2025-03-30 04:03:34,145 - WARNING - Downloaded content is not a PDF file, status was 200 but content doesn't start with %PDF-
2025-03-30 04:03:37,090 - WARNING - Downloaded content is not a PDF file, status was 200 but content doesn't start with %PDF-
2025-03-30 04:03:37,091 - WARNING - Failed to download file for metadata: ΜΑΘΗΜΑΤΙΚΑ ΚΑΙ ΠΛΗΡΟΦΟΡΙΚΗ > ΕΠΙΣΤΗΜΗ ΥΠΟΛΟΓΙΣΤΩΝ/ΠΛΗΡΟΦΟΡΙΚΗ > ΔΙΑΧΕΙΡΙΣΗ ΠΛΗΡΟΦΟΡΙΑΣ > Τεχνικές Αναζήτησης και Ανάκτηση Πληροφοριών
2025-03-30 04:03:37,091 - WARNING - Failed to download file for metadata: ΜΑΘΗΜΑΤΙΚΑ ΚΑΙ ΠΛΗΡΟΦΟΡΙΚΗ > ΜΑΘΗΜΑΤΙΚΑ > ΔΙΑΦΟΡΙΚΕΣ ΕΞΙΣΩΣΕΙΣ ΜΕ ΜΕΡΙΚΕΣ ΠΑΡΑΓΩΓΟΥΣ > Μερικές Διαφορικές Εξισώσεις
2025-03-30 04:03:37,091 - WARNING - Failed to download file for metadata: ΜΑΘΗΜΑΤΙΚΑ ΚΑΙ ΠΛΗΡΟΦΟΡΙΚΗ > ΕΠΙΣΤΗΜΗ ΥΠΟΛΟΓΙΣΤΩΝ/ΠΛΗΡΟΦΟΡΙΚΗ > ΚΟΙΝΩΝΙΚΑ ΖΗΤΗΜΑΤΑ ΚΑΙ ΕΠΑΓΓΕΛΜΑΤΙΚΕΣ ΠΡΑΚΤΙΚΕΣ > Εισαγωγή στο Κυβερνοέγκλημα
2025-03-30 04:03:37,091 - WARNING - Failed to download file for metadata: ΜΑΘΗΜΑΤΙΚΑ ΚΑΙ ΠΛΗΡΟΦΟΡΙΚΗ > ΜΑΘΗΜΑΤΙΚΑ > Εισαγωγή στην Αντιμεταθετική Άλγεβρα
2025-03-30 04:03:37,091 - WARNING - Failed to download file for metadata: ΜΑΘΗΜΑΤΙΚΑ ΚΑΙ ΠΛΗΡΟΦΟΡΙΚΗ > ΜΑΘΗΜΑΤΙΚΑ > ΣΤΑΤΙΣΤΙΚΗ > Στατιστικές Μέθοδοι Έρευνας
2025-03-30 04:03:37,091 - INFO - Retrying download for 5 failed files
2025-03-30 04:03:39,515 - ERROR - Failed to download https://repository.kallipos.gr/retrieve/e51ef661-b962-4b35-b170-f4ecd02a3188/562-DASSIOS-Partial-Differential-Equations.pdf. Status code: 500
2025-03-30 04:03:39,592 - ERROR - Failed to download https://repository.kallipos.gr/retrieve/257938a8-2fba-4151-8100-5c0342d8ff71/295-TRIANTAFYLLOU-Information-Retrieval-and-Search-Techniques.pdf. Status code: 500
2025-03-30 04:03:40,070 - WARNING - Downloaded content is not a PDF file, status was 200 but content doesn't start with %PDF-
2025-03-30 04:03:43,045 - WARNING - Downloaded content is not a PDF file, status was 200 but content doesn't start with %PDF-
2025-03-30 04:03:43,071 - WARNING - Downloaded content is not a PDF file, status was 200 but content doesn't start with %PDF-
2025-03-30 04:03:43,072 - INFO - Downloading 5 additional files to complete batch
2025-03-30 04:03:45,868 - ERROR - Failed to download https://repository.kallipos.gr/retrieve/b5d477dd-7b8b-485e-8140-41fb1a7e5595/20230714_ΠΑ_Βαγιάνος_Γραφιστική Επιμέλεια.pdf. Status code: 500
2025-03-30 04:03:47,008 - WARNING - Downloaded content is not a PDF file, status was 200 but content doesn't start with %PDF-
2025-03-30 04:03:48,819 - WARNING - Downloaded content is not a PDF file, status was 200 but content doesn't start with %PDF-
2025-03-30 04:03:51,564 - WARNING - Downloaded content is not a PDF file, status was 200 but content doesn't start with %PDF-
2025-03-30 04:03:51,594 - WARNING - Downloaded content is not a PDF file, status was 200 but content doesn't start with %PDF-
2025-03-30 04:03:51,594 - WARNING - Failed to download file for metadata: ΜΑΘΗΜΑΤΙΚΑ ΚΑΙ ΠΛΗΡΟΦΟΡΙΚΗ > ΜΑΘΗΜΑΤΙΚΑ > Μία Εισαγωγή στη Μαθηματική Βιολογία
2025-03-30 04:03:51,594 - WARNING - Failed to download file for metadata: ΔΙΚΑΙΟ ΚΑΙ ΚΟΙΝΩΝΙΚΕΣ ΕΠΙΣΤΗΜΕΣ > ΑΝΘΡΩΠΟΛΟΓΙΑ (ΜΗ ΦΥΣΙΚΗ) > ΚΟΙΝΩΝΙΚΗ ΚΑΙ ΠΟΛΙΤΙΣΜΙΚΗ ΑΝΘΡΩΠΟΛΟΓΙΑ > Ψηφιακά Μέσα και Κοινωνία
2025-03-30 04:03:51,594 - WARNING - Failed to download file for metadata: ΜΑΘΗΜΑΤΙΚΑ ΚΑΙ ΠΛΗΡΟΦΟΡΙΚΗ > ΜΑΘΗΜΑΤΙΚΑ > ΜΑΘΗΜΑΤΙΚΗ ΛΟΓΙΚΗ ΚΑΙ ΘΕΜΕΛΙΩΣΗ ΤΩΝ MΑΘΗΜΑΤΙΚΩΝ > Θεμελιώδεις Έννοιες των Μαθηματικών
2025-03-30 04:03:51,595 - WARNING - Failed to download file for metadata: ΜΑΘΗΜΑΤΙΚΑ ΚΑΙ ΠΛΗΡΟΦΟΡΙΚΗ > ΕΠΙΣΤΗΜΗ ΥΠΟΛΟΓΙΣΤΩΝ/ΠΛΗΡΟΦΟΡΙΚΗ > ΓΛΩΣΣΕΣ ΠΡΟΓΡΑΜΜΑΤΙΣΜΟΥ > Επίλυση προβλημάτων με τη γλώσσα C#
2025-03-30 04:03:51,595 - WARNING - Failed to download file for metadata: ΜΑΘΗΜΑΤΙΚΑ ΚΑΙ ΠΛΗΡΟΦΟΡΙΚΗ > ΕΠΙΣΤΗΜΗ ΥΠΟΛΟΓΙΣΤΩΝ/ΠΛΗΡΟΦΟΡΙΚΗ > Ασύρματες Επικοινωνίες
2025-03-30 04:03:51,595 - INFO - Retrying download for 5 failed files
2025-03-30 04:03:54,799 - ERROR - Failed to download https://repository.kallipos.gr/retrieve/b5d477dd-7b8b-485e-8140-41fb1a7e5595/20230714_ΠΑ_Βαγιάνος_Γραφιστική Επιμέλεια.pdf. Status code: 500
2025-03-30 04:03:55,266 - WARNING - Downloaded content is not a PDF file, status was 200 but content doesn't start with %PDF-
2025-03-30 04:03:55,732 - WARNING - Downloaded content is not a PDF file, status was 200 but content doesn't start with %PDF-
2025-03-30 04:03:57,960 - WARNING - Downloaded content is not a PDF file, status was 200 but content doesn't start with %PDF-
2025-03-30 04:03:58,232 - WARNING - Downloaded content is not a PDF file, status was 200 but content doesn't start with %PDF-
2025-03-30 04:03:58,234 - WARNING - Failed to download 10 files in this session.
2025-03-30 04:03:58,234 - INFO - Alternative URL for failed download: https://repository.kallipos.gr/handle/11419/295
2025-03-30 04:03:58,234 - INFO - Alternative URL for failed download: https://repository.kallipos.gr/handle/11419/562
2025-03-30 04:03:58,234 - INFO - Alternative URL for failed download: https://repository.kallipos.gr/handle/11419/774
2025-03-30 04:03:58,234 - INFO - Alternative URL for failed download: https://repository.kallipos.gr/handle/11419/513
2025-03-30 04:03:58,234 - INFO - Alternative URL for failed download: https://repository.kallipos.gr/handle/11419/49
2025-03-30 04:03:58,234 - INFO - Alternative URL for failed download: https://repository.kallipos.gr/handle/11419/53
2025-03-30 04:03:58,234 - INFO - Alternative URL for failed download: https://repository.kallipos.gr/handle/11419/56
2025-03-30 04:03:58,235 - INFO - Alternative URL for failed download: https://repository.kallipos.gr/handle/11419/698
2025-03-30 04:03:58,235 - INFO - PDF downloads completed. Downloaded 0 new files out of 5 requested.
2025-03-30 04:03:58,235 - INFO - Progress report written to progress_report.json
2025-03-30 04:03:58,236 - INFO - Failed downloads report written to ./downloads/failed_downloads.json with 10 entries
2025-03-30 04:03:58,236 - INFO - === DOWNLOAD SESSION SUMMARY ===
2025-03-30 04:03:58,236 - INFO - Requested batch size: 5
2025-03-30 04:03:58,236 - INFO - Successfully downloaded: 0
2025-03-30 04:03:58,236 - INFO - Failed downloads in this session: 10
2025-03-30 04:03:58,236 - INFO - Total failed downloads recorded: 10
2025-03-30 04:03:58,239 - INFO - Remaining files to download: 5124
2025-03-30 04:03:58,239 - INFO - === Download Statistics ===
2025-03-30 04:03:58,239 - INFO - Total files in JSON: 5169
2025-03-30 04:03:58,239 - INFO - Files processed so far: 45 (0.9%)
2025-03-30 04:03:58,240 - INFO - Files remaining: 5124 (99.1%)
2025-03-30 04:03:58,240 - INFO - ===============================
2025-03-30 04:03:58,242 - INFO - Total execution time: 29.63 seconds (0.49 minutes)
