2025-03-30 02:59:41,230 - INFO - Logging initialized. Log file: ./logs/download_20250330_025941.log
2025-03-30 02:59:41,230 - INFO - PDF Downloader starting with arguments: {'json': '../json_sitemaps/kallipos_pdf.json', 'sleep': 1.0, 'type': 'pdf', 'req': 'get', 'output': './downloads', 'little_potato': './downloads', 'batch': 2, 'concurrent': 1, 'max_retries': 1, 'timeout': 5, 'log_dir': './logs', 'start_at': 0, 'skip_every': 0, 'randomize': False, 'kallipos_mode': True}
2025-03-30 02:59:41,240 - INFO - Loaded 5169 items from ../json_sitemaps/kallipos_pdf.json
2025-03-30 02:59:41,240 - INFO - Final processing list contains 5169 items
2025-03-30 02:59:41,240 - INFO - 🚀 KALLIPOS MODE ENABLED: Using optimized settings for Kallipos repository
2025-03-30 02:59:41,240 - INFO - Using 1 concurrent downloads, 1.0s delay, 3 max retries
2025-03-30 02:59:41,240 - INFO - No existing failed downloads report found
2025-03-30 02:59:41,240 - INFO - Loaded progress report with 45 entries
2025-03-30 02:59:41,242 - INFO - Total files: 5169, Already processed: 45, Remaining: 5124
2025-03-30 02:59:44,041 - ERROR - Server error 500 for https://repository.kallipos.gr/retrieve/257938a8-2fba-4151-8100-5c0342d8ff71/295-TRIANTAFYLLOU-Information-Retrieval-and-Search-Techniques.pdf (common with Kallipos repository)
2025-03-30 02:59:44,042 - INFO - Adding 11.2s extra delay for Kallipos 500 error
2025-03-30 02:59:57,208 - ERROR - Server error 500 for https://repository.kallipos.gr/retrieve/e51ef661-b962-4b35-b170-f4ecd02a3188/562-DASSIOS-Partial-Differential-Equations.pdf (common with Kallipos repository)
2025-03-30 02:59:57,209 - INFO - Adding 13.5s extra delay for Kallipos 500 error
2025-03-30 04:00:10,760 - WARNING - Failed to download file for metadata: ΜΑΘΗΜΑΤΙΚΑ ΚΑΙ ΠΛΗΡΟΦΟΡΙΚΗ > ΕΠΙΣΤΗΜΗ ΥΠΟΛΟΓΙΣΤΩΝ/ΠΛΗΡΟΦΟΡΙΚΗ > ΔΙΑΧΕΙΡΙΣΗ ΠΛΗΡΟΦΟΡΙΑΣ > Τεχνικές Αναζήτησης και Ανάκτηση Πληροφοριών
2025-03-30 04:00:10,760 - WARNING - Failed to download file for metadata: ΜΑΘΗΜΑΤΙΚΑ ΚΑΙ ΠΛΗΡΟΦΟΡΙΚΗ > ΜΑΘΗΜΑΤΙΚΑ > ΔΙΑΦΟΡΙΚΕΣ ΕΞΙΣΩΣΕΙΣ ΜΕ ΜΕΡΙΚΕΣ ΠΑΡΑΓΩΓΟΥΣ > Μερικές Διαφορικές Εξισώσεις
2025-03-30 04:00:10,760 - INFO - Retrying download for 2 failed files
2025-03-30 04:00:13,957 - ERROR - Server error 500 for https://repository.kallipos.gr/retrieve/257938a8-2fba-4151-8100-5c0342d8ff71/295-TRIANTAFYLLOU-Information-Retrieval-and-Search-Techniques.pdf (common with Kallipos repository)
2025-03-30 04:00:13,957 - INFO - Adding 10.1s extra delay for Kallipos 500 error
2025-03-30 04:00:26,292 - ERROR - Server error 500 for https://repository.kallipos.gr/retrieve/e51ef661-b962-4b35-b170-f4ecd02a3188/562-DASSIOS-Partial-Differential-Equations.pdf (common with Kallipos repository)
2025-03-30 04:00:26,293 - INFO - Adding 13.8s extra delay for Kallipos 500 error
2025-03-30 04:00:40,107 - INFO - Downloading 2 additional files to complete batch
2025-03-30 04:00:43,517 - WARNING - Downloaded content is not a PDF file, status was 200 but content doesn't start with %PDF-
2025-03-30 04:00:45,596 - WARNING - Downloaded content is not a PDF file, status was 200 but content doesn't start with %PDF-
2025-03-30 04:00:45,597 - WARNING - Failed to download file for metadata: ΜΑΘΗΜΑΤΙΚΑ ΚΑΙ ΠΛΗΡΟΦΟΡΙΚΗ > ΕΠΙΣΤΗΜΗ ΥΠΟΛΟΓΙΣΤΩΝ/ΠΛΗΡΟΦΟΡΙΚΗ > ΚΟΙΝΩΝΙΚΑ ΖΗΤΗΜΑΤΑ ΚΑΙ ΕΠΑΓΓΕΛΜΑΤΙΚΕΣ ΠΡΑΚΤΙΚΕΣ > Εισαγωγή στο Κυβερνοέγκλημα
2025-03-30 04:00:45,607 - WARNING - Failed to download file for metadata: ΜΑΘΗΜΑΤΙΚΑ ΚΑΙ ΠΛΗΡΟΦΟΡΙΚΗ > ΜΑΘΗΜΑΤΙΚΑ > Εισαγωγή στην Αντιμεταθετική Άλγεβρα
2025-03-30 04:00:45,607 - INFO - Retrying download for 2 failed files
2025-03-30 04:00:48,544 - WARNING - Downloaded content is not a PDF file, status was 200 but content doesn't start with %PDF-
2025-03-30 04:00:51,830 - WARNING - Downloaded content is not a PDF file, status was 200 but content doesn't start with %PDF-
2025-03-30 04:00:51,832 - WARNING - Failed to download 4 files in this session.
2025-03-30 04:00:51,832 - INFO - Alternative URL for failed download: https://repository.kallipos.gr/handle/11419/295
2025-03-30 04:00:51,832 - INFO - Alternative URL for failed download: https://repository.kallipos.gr/handle/11419/562
2025-03-30 04:00:51,832 - INFO - Alternative URL for failed download: https://repository.kallipos.gr/handle/11419/774
2025-03-30 04:00:51,832 - INFO - Alternative URL for failed download: https://repository.kallipos.gr/handle/11419/513
2025-03-30 04:00:51,832 - INFO - PDF downloads completed. Downloaded 0 new files out of 2 requested.
2025-03-30 04:00:51,832 - INFO - Progress report written to progress_report.json
2025-03-30 04:00:51,832 - INFO - Failed downloads report written to ./downloads/failed_downloads.json with 4 entries
2025-03-30 04:00:51,832 - INFO - === DOWNLOAD SESSION SUMMARY ===
2025-03-30 04:00:51,833 - INFO - Requested batch size: 2
2025-03-30 04:00:51,833 - INFO - Successfully downloaded: 0
2025-03-30 04:00:51,833 - INFO - Failed downloads in this session: 4
2025-03-30 04:00:51,833 - INFO - Total failed downloads recorded: 4
2025-03-30 04:00:51,835 - INFO - Remaining files to download: 5124
2025-03-30 04:00:51,835 - INFO - === Download Statistics ===
2025-03-30 04:00:51,835 - INFO - Total files in JSON: 5169
2025-03-30 04:00:51,835 - INFO - Files processed so far: 45 (0.9%)
2025-03-30 04:00:51,835 - INFO - Files remaining: 5124 (99.1%)
2025-03-30 04:00:51,835 - INFO - ===============================
2025-03-30 04:00:51,837 - INFO - Total execution time: 70.61 seconds (1.18 minutes)
